Method: POST | URL: /api/login | Status: 200 | Response Time: 0ms | Time Stamp: 13/3/2025, 3:52:10 pm
Method: POST | URL: /api/login | Status: 200 | Response Time: 0ms | Time Stamp: 13/3/2025, 3:53:23 pm
Method: POST | URL: /api/login | Status: 200 | Response Time: 0ms | Time Stamp: 13/3/2025, 3:53:39 pm
Method: POST | URL: /api/signup | Status: 201 | Response Time: 0ms | Time Stamp: 13/3/2025, 3:54:20 pm
Method: POST | URL: /api/login | Status: 200 | Response Time: 0ms | Time Stamp: 13/3/2025, 3:54:31 pm
Method: POST | URL: /api/login | Status: 200 | Response Time: 0ms | Time Stamp: 13/3/2025, 10:10:37 pm
Method: GET | URL: /api/customer/vendors/Kiwi | Status: 404 | Response Time: 0ms | Time Stamp: 13/3/2025, 10:10:47 pm
Method: GET | URL: /api/customer/vendors/Kiwi | Status: 404 | Response Time: 0ms | Time Stamp: 13/3/2025, 10:10:47 pm
Method: GET | URL: /api/customer/vendors/Kiwi | Status: 404 | Response Time: 0ms | Time Stamp: 13/3/2025, 10:10:47 pm
Method: GET | URL: /api/customer/vendors/Kiwi | Status: 404 | Response Time: 0ms | Time Stamp: 13/3/2025, 10:10:47 pm
Method: GET | URL: /api/customer/vendors/Kiwi | Status: 404 | Response Time: 0ms | Time Stamp: 13/3/2025, 10:10:47 pm
Method: GET | URL: /api/customer/vendors/Kiwi | Status: 404 | Response Time: 0ms | Time Stamp: 13/3/2025, 10:10:47 pm
Method: GET | URL: /api/customer/vendors/Kiwi | Status: 404 | Response Time: 0ms | Time Stamp: 13/3/2025, 10:10:47 pm
Method: GET | URL: /api/customer/vendors/Kiwi | Status: 404 | Response Time: 0ms | Time Stamp: 13/3/2025, 10:10:47 pm
Method: GET | URL: /api/customer/vendors/Kiwi | Status: 404 | Response Time: 0ms | Time Stamp: 13/3/2025, 10:10:47 pm
Method: GET | URL: /api/customer/vendors/Kiwi | Status: 404 | Response Time: 0ms | Time Stamp: 13/3/2025, 10:10:47 pm
Method: GET | URL: /api/customer/vendors/Kiwi | Status: 404 | Response Time: 0ms | Time Stamp: 13/3/2025, 10:10:47 pm
Method: GET | URL: /api/customer/vendors/Kiwi | Status: 404 | Response Time: 0ms | Time Stamp: 13/3/2025, 10:10:47 pm
Method: GET | URL: /api/customer/vendors/Kiwi | Status: 404 | Response Time: 0ms | Time Stamp: 13/3/2025, 10:10:48 pm
Method: GET | URL: /api/customer/vendors/Kiwi | Status: 404 | Response Time: 0ms | Time Stamp: 13/3/2025, 10:10:48 pm
Method: GET | URL: /api/customer/vendors/Kiwi | Status: 404 | Response Time: 0ms | Time Stamp: 13/3/2025, 10:10:48 pm
Method: GET | URL: /api/customer/vendors/Kiwi | Status: 404 | Response Time: 0ms | Time Stamp: 13/3/2025, 10:10:48 pm
Method: GET | URL: /api/customer/vendors/Kiwi | Status: 404 | Response Time: 0ms | Time Stamp: 13/3/2025, 10:10:48 pm
Method: GET | URL: /api/customer/vendors/Kiwi | Status: 404 | Response Time: 0ms | Time Stamp: 13/3/2025, 10:10:48 pm
Method: GET | URL: /api/customer/vendors/Kiwi | Status: 404 | Response Time: 0ms | Time Stamp: 13/3/2025, 10:10:48 pm
Method: GET | URL: /api/customer/vendors/Kiwi | Status: 404 | Response Time: 0ms | Time Stamp: 13/3/2025, 10:10:48 pm
Method: GET | URL: /api/customer/vendors/Kiwi | Status: 404 | Response Time: 0ms | Time Stamp: 13/3/2025, 10:10:48 pm
Method: GET | URL: /api/customer/vendors/Kiwi | Status: 404 | Response Time: 0ms | Time Stamp: 13/3/2025, 10:10:48 pm
Method: GET | URL: /api/customer/vendors/Orange | Status: 404 | Response Time: 0ms | Time Stamp: 13/3/2025, 10:11:33 pm
Method: GET | URL: /api/customer/vendors/Orange | Status: 404 | Response Time: 0ms | Time Stamp: 13/3/2025, 10:11:33 pm
Method: GET | URL: /api/customer/vendors/Orange | Status: 404 | Response Time: 0ms | Time Stamp: 13/3/2025, 10:11:33 pm
Method: GET | URL: /api/customer/vendors/Orange | Status: 404 | Response Time: 0ms | Time Stamp: 13/3/2025, 10:11:33 pm
Method: GET | URL: /api/customer/vendors/Orange | Status: 404 | Response Time: 0ms | Time Stamp: 13/3/2025, 10:11:33 pm
Method: GET | URL: /api/customer/vendors/Orange | Status: 404 | Response Time: 0ms | Time Stamp: 13/3/2025, 10:11:33 pm
Method: GET | URL: /api/customer/vendors/Orange | Status: 404 | Response Time: 0ms | Time Stamp: 13/3/2025, 10:11:33 pm
Method: GET | URL: /api/customer/vendors/Orange | Status: 404 | Response Time: 0ms | Time Stamp: 13/3/2025, 10:11:33 pm
Method: GET | URL: /api/customer/vendors/Orange | Status: 404 | Response Time: 0ms | Time Stamp: 13/3/2025, 10:11:33 pm
Method: GET | URL: /api/customer/vendors/Orange | Status: 404 | Response Time: 0ms | Time Stamp: 13/3/2025, 10:11:33 pm
Method: GET | URL: /api/customer/vendors/Orange | Status: 404 | Response Time: 0ms | Time Stamp: 13/3/2025, 10:11:33 pm
Method: GET | URL: /api/customer/vendors/Orange | Status: 404 | Response Time: 0ms | Time Stamp: 13/3/2025, 10:11:33 pm
Method: GET | URL: /api/customer/vendors/Orange | Status: 404 | Response Time: 0ms | Time Stamp: 13/3/2025, 10:11:33 pm
Method: GET | URL: /api/customer/vendors/Orange | Status: 404 | Response Time: 0ms | Time Stamp: 13/3/2025, 10:11:33 pm
Method: GET | URL: /api/customer/vendors/Orange | Status: 404 | Response Time: 0ms | Time Stamp: 13/3/2025, 10:11:33 pm
Method: GET | URL: /api/customer/vendors/Orange | Status: 404 | Response Time: 0ms | Time Stamp: 13/3/2025, 10:11:34 pm
Method: GET | URL: /api/customer/vendors/Orange | Status: 404 | Response Time: 0ms | Time Stamp: 13/3/2025, 10:11:34 pm
Method: GET | URL: /api/customer/vendors/Orange | Status: 404 | Response Time: 0ms | Time Stamp: 13/3/2025, 10:11:34 pm
Method: GET | URL: /api/customer/vendors/Orange | Status: 404 | Response Time: 0ms | Time Stamp: 13/3/2025, 10:11:34 pm
Method: GET | URL: /api/customer/vendors/Orange | Status: 404 | Response Time: 0ms | Time Stamp: 13/3/2025, 10:11:34 pm
Method: GET | URL: /api/customer/vendors/Orange | Status: 404 | Response Time: 0ms | Time Stamp: 13/3/2025, 10:11:34 pm
Method: GET | URL: /api/customer/vendors/Orange | Status: 404 | Response Time: 0ms | Time Stamp: 13/3/2025, 10:11:34 pm
Method: POST | URL: /api/login | Status: 200 | Response Time: 0ms | Time Stamp: 13/3/2025, 10:13:34 pm
Method: POST | URL: /api/login | Status: 200 | Response Time: 0ms | Time Stamp: 13/3/2025, 10:22:05 pm
Method: POST | URL: /api/login | Status: 200 | Response Time: 0ms | Time Stamp: 13/3/2025, 10:23:56 pm
Method: POST | URL: /api/login | Status: 200 | Response Time: 0ms | Time Stamp: 13/3/2025, 10:31:24 pm
Method: POST | URL: /api/login | Status: 200 | Response Time: 0ms | Time Stamp: 13/3/2025, 10:32:51 pm
Method: POST | URL: /api/login | Status: 200 | Response Time: 0ms | Time Stamp: 13/3/2025, 10:34:00 pm
Method: POST | URL: /api/login | Status: 200 | Response Time: 0ms | Time Stamp: 13/3/2025, 10:35:14 pm
Method: POST | URL: /api/login | Status: 200 | Response Time: 0ms | Time Stamp: 13/3/2025, 10:35:30 pm
Method: POST | URL: /api/login | Status: 200 | Response Time: 0ms | Time Stamp: 13/3/2025, 10:36:26 pm
Method: POST | URL: /api/login | Status: 200 | Response Time: 0ms | Time Stamp: 13/3/2025, 10:36:26 pm
Method: POST | URL: /api/login | Status: 200 | Response Time: 0ms | Time Stamp: 13/3/2025, 10:36:59 pm
Method: POST | URL: /api/login | Status: 200 | Response Time: 0ms | Time Stamp: 13/3/2025, 10:37:20 pm
Method: POST | URL: /api/login | Status: 200 | Response Time: 0ms | Time Stamp: 13/3/2025, 10:37:29 pm
Method: POST | URL: /api/login | Status: 200 | Response Time: 0ms | Time Stamp: 13/3/2025, 10:41:43 pm
Method: POST | URL: /api/login | Status: 200 | Response Time: 0ms | Time Stamp: 13/3/2025, 10:42:07 pm
Method: POST | URL: /api/login | Status: 200 | Response Time: 0ms | Time Stamp: 13/3/2025, 10:42:59 pm
Method: POST | URL: /api/login | Status: 200 | Response Time: 0ms | Time Stamp: 13/3/2025, 10:45:04 pm
Method: POST | URL: /api/login | Status: 200 | Response Time: 0ms | Time Stamp: 13/3/2025, 11:43:41 pm
Method: POST | URL: /api/login | Status: 200 | Response Time: 0ms | Time Stamp: 13/3/2025, 11:46:37 pm
Method: POST | URL: /api/login | Status: 200 | Response Time: 0ms | Time Stamp: 13/3/2025, 11:50:31 pm
Method: POST | URL: /api/login | Status: 200 | Response Time: 0ms | Time Stamp: 14/3/2025, 12:00:58 am
Method: POST | URL: /api/login | Status: 200 | Response Time: 0ms | Time Stamp: 14/3/2025, 12:01:34 am
Method: POST | URL: /api/login | Status: 200 | Response Time: 0ms | Time Stamp: 14/3/2025, 12:01:49 am
Method: POST | URL: /api/login | Status: 200 | Response Time: 0ms | Time Stamp: 14/3/2025, 12:02:44 am
Method: POST | URL: /api/login | Status: 200 | Response Time: 0ms | Time Stamp: 14/3/2025, 12:05:02 am
Method: POST | URL: /api/login | Status: 200 | Response Time: 0ms | Time Stamp: 14/3/2025, 12:07:25 am
Method: POST | URL: /api/login | Status: 200 | Response Time: 0ms | Time Stamp: 14/3/2025, 12:10:55 am
Method: POST | URL: /api/login | Status: 200 | Response Time: 0ms | Time Stamp: 14/3/2025, 12:28:48 am
Method: POST | URL: /api/login | Status: 200 | Response Time: 0ms | Time Stamp: 14/3/2025, 12:41:45 am
Method: POST | URL: /api/login | Status: 200 | Response Time: 0ms | Time Stamp: 14/3/2025, 12:50:07 am
Method: POST | URL: /api/login | Status: 200 | Response Time: 0ms | Time Stamp: 14/3/2025, 12:56:43 am
Method: POST | URL: /api/login | Status: 200 | Response Time: 0ms | Time Stamp: 14/3/2025, 12:58:14 am
Method: POST | URL: /api/login | Status: 200 | Response Time: 0ms | Time Stamp: 14/3/2025, 1:05:54 am
Method: POST | URL: /api/login | Status: 200 | Response Time: 0ms | Time Stamp: 14/3/2025, 1:10:16 am
Method: POST | URL: /api/login | Status: 200 | Response Time: 0ms | Time Stamp: 14/3/2025, 1:53:35 am
Method: POST | URL: /api/login | Status: 200 | Response Time: 0ms | Time Stamp: 14/3/2025, 2:12:23 am
Method: POST | URL: /api/distributor/rate-vendor | Status: 404 | Response Time: 0ms | Time Stamp: 14/3/2025, 2:12:32 am
Method: POST | URL: /api/login | Status: 200 | Response Time: 0ms | Time Stamp: 14/3/2025, 2:17:21 am
Method: POST | URL: /api/login | Status: 200 | Response Time: 0ms | Time Stamp: 14/3/2025, 2:32:00 am
Method: POST | URL: /api/login | Status: 200 | Response Time: 0ms | Time Stamp: 14/3/2025, 2:58:18 am
Method: POST | URL: /api/login | Status: 200 | Response Time: 0ms | Time Stamp: 14/3/2025, 2:58:55 am
Method: POST | URL: /api/login | Status: 200 | Response Time: 0ms | Time Stamp: 14/3/2025, 2:59:23 am
Method: POST | URL: /api/login | Status: 200 | Response Time: 0ms | Time Stamp: 14/3/2025, 2:59:40 am
Method: POST | URL: /api/login | Status: 200 | Response Time: 0ms | Time Stamp: 14/3/2025, 3:14:51 am
Method: POST | URL: /api/login | Status: 200 | Response Time: 0ms | Time Stamp: 14/3/2025, 3:17:49 am
Method: POST | URL: /api/login | Status: 200 | Response Time: 0ms | Time Stamp: 14/3/2025, 3:19:49 am
Method: POST | URL: /api/login | Status: 200 | Response Time: 0ms | Time Stamp: 14/3/2025, 3:20:00 am
Method: POST | URL: /api/login | Status: 200 | Response Time: 0ms | Time Stamp: 14/3/2025, 3:27:58 am
Method: POST | URL: /api/login | Status: 200 | Response Time: 0ms | Time Stamp: 14/3/2025, 3:45:12 am
Method: POST | URL: /api/login | Status: 200 | Response Time: 0ms | Time Stamp: 14/3/2025, 3:49:11 am
Method: POST | URL: /api/login | Status: 200 | Response Time: 0ms | Time Stamp: 14/3/2025, 3:51:12 am
Method: POST | URL: /api/login | Status: 200 | Response Time: 0ms | Time Stamp: 14/3/2025, 3:51:36 am
Method: POST | URL: /api/login | Status: 200 | Response Time: 0ms | Time Stamp: 14/3/2025, 3:52:07 am
Method: POST | URL: /api/login | Status: 200 | Response Time: 0ms | Time Stamp: 14/3/2025, 3:55:08 am
Method: POST | URL: /api/login | Status: 200 | Response Time: 0ms | Time Stamp: 14/3/2025, 3:58:41 am
Method: POST | URL: /api/login | Status: 200 | Response Time: 0ms | Time Stamp: 14/3/2025, 3:59:17 am
