Method: POST | URL: /api/login | Status: 200 | Response Time: 0ms | Time Stamp: 3/11/2025, 11:54:10 AM
Method: GET | URL: /products | Status: 304 | Response Time: 0ms | Time Stamp: 3/11/2025, 11:54:10 AM
Method: GET | URL: /products | Status: 304 | Response Time: 0ms | Time Stamp: 3/11/2025, 11:54:10 AM
Method: GET | URL: /purchases | Status: 200 | Response Time: 0ms | Time Stamp: 3/11/2025, 11:54:38 AM
Method: GET | URL: /purchases | Status: 304 | Response Time: 0ms | Time Stamp: 3/11/2025, 11:54:38 AM
Method: POST | URL: /api/login | Status: 200 | Response Time: 0ms | Time Stamp: 3/11/2025, 12:09:52 PM
Method: GET | URL: /assigned-purchases | Status: 500 | Response Time: 0ms | Time Stamp: 3/11/2025, 12:09:52 PM
Method: GET | URL: /assigned-purchases | Status: 500 | Response Time: 0ms | Time Stamp: 3/11/2025, 12:09:52 PM
Method: GET | URL: / | Status: 200 | Response Time: 0ms | Time Stamp: 3/11/2025, 12:09:52 PM
Method: GET | URL: / | Status: 304 | Response Time: 0ms | Time Stamp: 3/11/2025, 12:09:52 PM
Method: GET | URL: /assigned-purchases | Status: 401 | Response Time: 0ms | Time Stamp: 3/11/2025, 12:13:53 PM
Method: GET | URL: /assigned-purchases | Status: 401 | Response Time: 0ms | Time Stamp: 3/11/2025, 12:13:53 PM
Method: GET | URL: / | Status: 304 | Response Time: 0ms | Time Stamp: 3/11/2025, 12:13:53 PM
Method: GET | URL: / | Status: 304 | Response Time: 0ms | Time Stamp: 3/11/2025, 12:13:53 PM
Method: POST | URL: /api/login | Status: 200 | Response Time: 0ms | Time Stamp: 3/11/2025, 12:14:12 PM
Method: GET | URL: / | Status: 304 | Response Time: 0ms | Time Stamp: 3/11/2025, 12:14:12 PM
Method: GET | URL: /assigned-purchases | Status: 200 | Response Time: 0ms | Time Stamp: 3/11/2025, 12:14:12 PM
Method: GET | URL: / | Status: 304 | Response Time: 0ms | Time Stamp: 3/11/2025, 12:14:12 PM
Method: GET | URL: /assigned-purchases | Status: 304 | Response Time: 0ms | Time Stamp: 3/11/2025, 12:14:12 PM
Method: POST | URL: /api/login | Status: 200 | Response Time: 0ms | Time Stamp: 3/11/2025, 12:14:35 PM
Method: GET | URL: / | Status: 304 | Response Time: 0ms | Time Stamp: 3/11/2025, 12:14:35 PM
Method: GET | URL: /assigned-purchases | Status: 304 | Response Time: 0ms | Time Stamp: 3/11/2025, 12:14:35 PM
Method: GET | URL: /assigned-purchases | Status: 304 | Response Time: 0ms | Time Stamp: 3/11/2025, 12:14:35 PM
Method: GET | URL: / | Status: 304 | Response Time: 0ms | Time Stamp: 3/11/2025, 12:14:35 PM
Method: POST | URL: /api/distributor/update-delivery-status | Status: 404 | Response Time: 0ms | Time Stamp: 3/11/2025, 12:14:49 PM
Method: POST | URL: /update-delivery-status | Status: 401 | Response Time: 0ms | Time Stamp: 3/11/2025, 12:15:14 PM
Method: POST | URL: /api/login | Status: 200 | Response Time: 0ms | Time Stamp: 3/11/2025, 12:15:28 PM
Method: GET | URL: / | Status: 304 | Response Time: 0ms | Time Stamp: 3/11/2025, 12:15:28 PM
Method: GET | URL: /assigned-purchases | Status: 304 | Response Time: 0ms | Time Stamp: 3/11/2025, 12:15:28 PM
Method: GET | URL: / | Status: 304 | Response Time: 0ms | Time Stamp: 3/11/2025, 12:15:28 PM
Method: GET | URL: /assigned-purchases | Status: 304 | Response Time: 0ms | Time Stamp: 3/11/2025, 12:15:28 PM
Method: POST | URL: /update-delivery-status | Status: 200 | Response Time: 0ms | Time Stamp: 3/11/2025, 12:15:30 PM
Method: POST | URL: /update-delivery-status | Status: 200 | Response Time: 0ms | Time Stamp: 3/11/2025, 12:15:33 PM
Method: POST | URL: /api/login | Status: 200 | Response Time: 0ms | Time Stamp: 3/11/2025, 12:15:40 PM
Method: GET | URL: /products | Status: 304 | Response Time: 0ms | Time Stamp: 3/11/2025, 12:15:40 PM
Method: GET | URL: /products | Status: 304 | Response Time: 0ms | Time Stamp: 3/11/2025, 12:15:41 PM
Method: GET | URL: /purchases | Status: 200 | Response Time: 0ms | Time Stamp: 3/11/2025, 12:15:44 PM
Method: GET | URL: /purchases | Status: 304 | Response Time: 0ms | Time Stamp: 3/11/2025, 12:15:44 PM
Method: POST | URL: /api/login | Status: 200 | Response Time: 0ms | Time Stamp: 3/11/2025, 12:24:42 PM
Method: GET | URL: / | Status: 304 | Response Time: 0ms | Time Stamp: 3/11/2025, 12:24:43 PM
Method: GET | URL: /assigned-purchases | Status: 200 | Response Time: 0ms | Time Stamp: 3/11/2025, 12:24:43 PM
Method: GET | URL: / | Status: 304 | Response Time: 0ms | Time Stamp: 3/11/2025, 12:24:43 PM
Method: GET | URL: /assigned-purchases | Status: 304 | Response Time: 0ms | Time Stamp: 3/11/2025, 12:24:43 PM
Method: POST | URL: /api/login | Status: 200 | Response Time: 0ms | Time Stamp: 3/11/2025, 12:41:00 PM
Method: GET | URL: /purchases | Status: 304 | Response Time: 0ms | Time Stamp: 3/11/2025, 12:41:00 PM
Method: GET | URL: /purchases | Status: 304 | Response Time: 0ms | Time Stamp: 3/11/2025, 12:41:00 PM
Method: GET | URL: /products | Status: 304 | Response Time: 0ms | Time Stamp: 3/11/2025, 12:41:03 PM
Method: GET | URL: /products | Status: 304 | Response Time: 0ms | Time Stamp: 3/11/2025, 12:41:03 PM
Method: GET | URL: /products | Status: 401 | Response Time: 0ms | Time Stamp: 3/11/2025, 1:50:16 PM
Method: GET | URL: /products | Status: 401 | Response Time: 0ms | Time Stamp: 3/11/2025, 1:50:16 PM
Method: GET | URL: /products | Status: 401 | Response Time: 0ms | Time Stamp: 3/11/2025, 1:51:02 PM
Method: GET | URL: /products | Status: 401 | Response Time: 0ms | Time Stamp: 3/11/2025, 1:51:02 PM
Method: POST | URL: /api/login | Status: 200 | Response Time: 0ms | Time Stamp: 3/11/2025, 1:51:30 PM
Method: GET | URL: / | Status: 304 | Response Time: 0ms | Time Stamp: 3/11/2025, 1:51:31 PM
Method: GET | URL: / | Status: 304 | Response Time: 0ms | Time Stamp: 3/11/2025, 1:51:31 PM
Method: GET | URL: /assigned-purchases | Status: 304 | Response Time: 0ms | Time Stamp: 3/11/2025, 1:51:31 PM
Method: GET | URL: /assigned-purchases | Status: 304 | Response Time: 0ms | Time Stamp: 3/11/2025, 1:51:31 PM
Method: POST | URL: /api/login | Status: 200 | Response Time: 0ms | Time Stamp: 3/11/2025, 1:51:53 PM
Method: GET | URL: /products | Status: 304 | Response Time: 0ms | Time Stamp: 3/11/2025, 1:51:54 PM
Method: GET | URL: /products | Status: 304 | Response Time: 0ms | Time Stamp: 3/11/2025, 1:51:54 PM
Method: POST | URL: /add-to-cart | Status: 200 | Response Time: 0ms | Time Stamp: 3/11/2025, 1:51:56 PM
Method: POST | URL: /add-to-cart | Status: 200 | Response Time: 0ms | Time Stamp: 3/11/2025, 1:51:56 PM
Method: GET | URL: /get-cart | Status: 200 | Response Time: 0ms | Time Stamp: 3/11/2025, 1:52:00 PM
Method: GET | URL: /get-cart | Status: 304 | Response Time: 0ms | Time Stamp: 3/11/2025, 1:52:00 PM
Method: POST | URL: /checkout | Status: 200 | Response Time: 0ms | Time Stamp: 3/11/2025, 1:52:06 PM
Method: GET | URL: /products | Status: 200 | Response Time: 0ms | Time Stamp: 3/11/2025, 1:52:23 PM
Method: GET | URL: /products | Status: 304 | Response Time: 0ms | Time Stamp: 3/11/2025, 1:52:23 PM
Method: GET | URL: /get-cart | Status: 200 | Response Time: 0ms | Time Stamp: 3/11/2025, 1:52:26 PM
Method: GET | URL: /get-cart | Status: 304 | Response Time: 0ms | Time Stamp: 3/11/2025, 1:52:26 PM
Method: GET | URL: /purchases | Status: 200 | Response Time: 0ms | Time Stamp: 3/11/2025, 1:52:29 PM
Method: GET | URL: /purchases | Status: 304 | Response Time: 0ms | Time Stamp: 3/11/2025, 1:52:29 PM
Method: POST | URL: /api/login | Status: 200 | Response Time: 0ms | Time Stamp: 3/11/2025, 1:52:37 PM
Method: GET | URL: / | Status: 304 | Response Time: 0ms | Time Stamp: 3/11/2025, 1:52:38 PM
Method: GET | URL: / | Status: 304 | Response Time: 0ms | Time Stamp: 3/11/2025, 1:52:38 PM
Method: GET | URL: /assigned-purchases | Status: 200 | Response Time: 0ms | Time Stamp: 3/11/2025, 1:52:40 PM
Method: GET | URL: /assigned-purchases | Status: 304 | Response Time: 0ms | Time Stamp: 3/11/2025, 1:52:40 PM
Method: POST | URL: /update-delivery-status | Status: 200 | Response Time: 0ms | Time Stamp: 3/11/2025, 1:52:47 PM
Method: POST | URL: /api/login | Status: 200 | Response Time: 0ms | Time Stamp: 3/11/2025, 1:52:56 PM
Method: GET | URL: /purchases | Status: 200 | Response Time: 0ms | Time Stamp: 3/11/2025, 1:52:57 PM
Method: GET | URL: /purchases | Status: 304 | Response Time: 0ms | Time Stamp: 3/11/2025, 1:52:57 PM
Method: POST | URL: /api/login | Status: 200 | Response Time: 0ms | Time Stamp: 3/11/2025, 1:53:12 PM
Method: GET | URL: /assigned-purchases | Status: 200 | Response Time: 0ms | Time Stamp: 3/11/2025, 1:53:12 PM
Method: GET | URL: / | Status: 304 | Response Time: 0ms | Time Stamp: 3/11/2025, 1:53:12 PM
Method: GET | URL: /assigned-purchases | Status: 304 | Response Time: 0ms | Time Stamp: 3/11/2025, 1:53:12 PM
Method: GET | URL: / | Status: 304 | Response Time: 0ms | Time Stamp: 3/11/2025, 1:53:12 PM
Method: POST | URL: /update-delivery-status | Status: 200 | Response Time: 0ms | Time Stamp: 3/11/2025, 1:53:16 PM
Method: POST | URL: /api/login | Status: 200 | Response Time: 0ms | Time Stamp: 3/11/2025, 1:53:23 PM
Method: GET | URL: /purchases | Status: 200 | Response Time: 0ms | Time Stamp: 3/11/2025, 1:53:24 PM
Method: GET | URL: /purchases | Status: 304 | Response Time: 0ms | Time Stamp: 3/11/2025, 1:53:25 PM
Method: GET | URL: /products | Status: 304 | Response Time: 0ms | Time Stamp: 3/11/2025, 1:53:28 PM
Method: GET | URL: /products | Status: 304 | Response Time: 0ms | Time Stamp: 3/11/2025, 1:53:28 PM
Method: GET | URL: /products | Status: 401 | Response Time: 0ms | Time Stamp: 3/11/2025, 6:05:58 PM
Method: GET | URL: /products | Status: 401 | Response Time: 0ms | Time Stamp: 3/11/2025, 6:05:58 PM
Method: POST | URL: /api/login | Status: 200 | Response Time: 0ms | Time Stamp: 3/11/2025, 6:06:04 PM
Method: GET | URL: /products | Status: 304 | Response Time: 0ms | Time Stamp: 3/11/2025, 6:06:04 PM
Method: GET | URL: /products | Status: 304 | Response Time: 0ms | Time Stamp: 3/11/2025, 6:06:04 PM
Method: POST | URL: /api/login | Status: 200 | Response Time: 0ms | Time Stamp: 3/11/2025, 6:28:48 PM
Method: GET | URL: /products | Status: 304 | Response Time: 0ms | Time Stamp: 3/11/2025, 6:28:48 PM
Method: GET | URL: /products | Status: 304 | Response Time: 0ms | Time Stamp: 3/11/2025, 6:28:48 PM
Method: GET | URL: /purchases | Status: 304 | Response Time: 0ms | Time Stamp: 3/11/2025, 6:28:51 PM
Method: GET | URL: /purchases | Status: 304 | Response Time: 0ms | Time Stamp: 3/11/2025, 6:28:51 PM
Method: POST | URL: /rate-distributor | Status: 404 | Response Time: 0ms | Time Stamp: 3/11/2025, 6:28:54 PM
Method: GET | URL: /api/purchases/rate-distributor | Status: 404 | Response Time: 0ms | Time Stamp: 3/11/2025, 6:29:07 PM
Method: POST | URL: /rate-distributor | Status: 404 | Response Time: 0ms | Time Stamp: 3/11/2025, 6:29:24 PM
Method: GET | URL: /api/purchases/rate-distributor | Status: 404 | Response Time: 0ms | Time Stamp: 3/11/2025, 6:29:29 PM
Method: GET | URL: /products | Status: 401 | Response Time: 0ms | Time Stamp: 3/11/2025, 6:42:09 PM
Method: GET | URL: /products | Status: 401 | Response Time: 0ms | Time Stamp: 3/11/2025, 6:42:09 PM
Method: POST | URL: /api/login | Status: 200 | Response Time: 0ms | Time Stamp: 3/11/2025, 6:42:15 PM
Method: GET | URL: /products | Status: 304 | Response Time: 0ms | Time Stamp: 3/11/2025, 6:42:15 PM
Method: GET | URL: /products | Status: 304 | Response Time: 0ms | Time Stamp: 3/11/2025, 6:42:15 PM
Method: GET | URL: /profile | Status: 200 | Response Time: 0ms | Time Stamp: 3/11/2025, 6:42:17 PM
Method: GET | URL: /profile | Status: 304 | Response Time: 0ms | Time Stamp: 3/11/2025, 6:42:17 PM
Method: GET | URL: /purchases | Status: 304 | Response Time: 0ms | Time Stamp: 3/11/2025, 6:42:18 PM
Method: GET | URL: /purchases | Status: 304 | Response Time: 0ms | Time Stamp: 3/11/2025, 6:42:18 PM
Method: POST | URL: /api/purchases/rate-distributor | Status: 404 | Response Time: 0ms | Time Stamp: 3/11/2025, 6:42:21 PM
Method: GET | URL: /purchases | Status: 304 | Response Time: 0ms | Time Stamp: 3/11/2025, 6:43:02 PM
Method: GET | URL: /purchases | Status: 304 | Response Time: 0ms | Time Stamp: 3/11/2025, 6:43:03 PM
Method: GET | URL: /purchases | Status: 304 | Response Time: 0ms | Time Stamp: 3/11/2025, 6:43:05 PM
Method: GET | URL: /products | Status: 304 | Response Time: 0ms | Time Stamp: 3/11/2025, 6:44:37 PM
Method: GET | URL: /products | Status: 304 | Response Time: 0ms | Time Stamp: 3/11/2025, 6:44:37 PM
Method: POST | URL: /api/login | Status: 200 | Response Time: 0ms | Time Stamp: 3/11/2025, 6:44:42 PM
Method: GET | URL: /products | Status: 304 | Response Time: 0ms | Time Stamp: 3/11/2025, 6:44:43 PM
Method: GET | URL: /products | Status: 304 | Response Time: 0ms | Time Stamp: 3/11/2025, 6:44:43 PM
Method: GET | URL: /purchases | Status: 304 | Response Time: 0ms | Time Stamp: 3/11/2025, 6:44:46 PM
Method: GET | URL: /purchases | Status: 304 | Response Time: 0ms | Time Stamp: 3/11/2025, 6:44:46 PM
Method: POST | URL: /rate-distributor | Status: 404 | Response Time: 0ms | Time Stamp: 3/11/2025, 6:44:48 PM
Method: POST | URL: /rate-distributor | Status: 404 | Response Time: 0ms | Time Stamp: 3/11/2025, 6:45:43 PM
Method: GET | URL: /products | Status: 401 | Response Time: 0ms | Time Stamp: 3/11/2025, 6:46:23 PM
Method: GET | URL: /products | Status: 401 | Response Time: 0ms | Time Stamp: 3/11/2025, 6:46:23 PM
Method: POST | URL: /api/login | Status: 200 | Response Time: 0ms | Time Stamp: 3/11/2025, 6:46:27 PM
Method: GET | URL: /products | Status: 304 | Response Time: 0ms | Time Stamp: 3/11/2025, 6:46:27 PM
Method: GET | URL: /products | Status: 304 | Response Time: 0ms | Time Stamp: 3/11/2025, 6:46:27 PM
Method: GET | URL: /purchases | Status: 304 | Response Time: 0ms | Time Stamp: 3/11/2025, 6:46:30 PM
Method: GET | URL: /purchases | Status: 304 | Response Time: 0ms | Time Stamp: 3/11/2025, 6:46:30 PM
Method: POST | URL: /rate-distributor | Status: 404 | Response Time: 0ms | Time Stamp: 3/11/2025, 6:46:31 PM
Method: GET | URL: /products | Status: 401 | Response Time: 0ms | Time Stamp: 3/11/2025, 6:46:56 PM
Method: GET | URL: /products | Status: 401 | Response Time: 0ms | Time Stamp: 3/11/2025, 6:46:56 PM
Method: POST | URL: /api/login | Status: 200 | Response Time: 0ms | Time Stamp: 3/11/2025, 6:47:03 PM
Method: GET | URL: /products | Status: 304 | Response Time: 0ms | Time Stamp: 3/11/2025, 6:47:03 PM
Method: GET | URL: /products | Status: 304 | Response Time: 0ms | Time Stamp: 3/11/2025, 6:47:03 PM
Method: GET | URL: /purchases | Status: 304 | Response Time: 0ms | Time Stamp: 3/11/2025, 6:47:06 PM
Method: GET | URL: /purchases | Status: 304 | Response Time: 0ms | Time Stamp: 3/11/2025, 6:47:06 PM
Method: POST | URL: /rate-distributor | Status: 404 | Response Time: 0ms | Time Stamp: 3/11/2025, 6:47:08 PM
Method: POST | URL: /api/login | Status: 200 | Response Time: 0ms | Time Stamp: 3/11/2025, 6:53:29 PM
Method: GET | URL: /purchases | Status: 304 | Response Time: 0ms | Time Stamp: 3/11/2025, 6:53:30 PM
Method: GET | URL: /purchases | Status: 304 | Response Time: 0ms | Time Stamp: 3/11/2025, 6:53:30 PM
Method: POST | URL: /rate-distributor | Status: 200 | Response Time: 0ms | Time Stamp: 3/11/2025, 6:53:32 PM
Method: POST | URL: /api/login | Status: 200 | Response Time: 0ms | Time Stamp: 3/11/2025, 6:53:46 PM
Method: GET | URL: /assigned-purchases | Status: 200 | Response Time: 0ms | Time Stamp: 3/11/2025, 6:53:46 PM
Method: GET | URL: / | Status: 304 | Response Time: 0ms | Time Stamp: 3/11/2025, 6:53:46 PM
Method: GET | URL: /assigned-purchases | Status: 304 | Response Time: 0ms | Time Stamp: 3/11/2025, 6:53:46 PM
Method: GET | URL: / | Status: 304 | Response Time: 0ms | Time Stamp: 3/11/2025, 6:53:46 PM
Method: POST | URL: /api/login | Status: 200 | Response Time: 0ms | Time Stamp: 3/11/2025, 6:53:56 PM
Method: GET | URL: /purchases | Status: 200 | Response Time: 0ms | Time Stamp: 3/11/2025, 6:53:56 PM
Method: GET | URL: /purchases | Status: 304 | Response Time: 0ms | Time Stamp: 3/11/2025, 6:53:56 PM
Method: GET | URL: /products | Status: 401 | Response Time: 0ms | Time Stamp: 3/11/2025, 6:59:06 PM
Method: GET | URL: /products | Status: 401 | Response Time: 0ms | Time Stamp: 3/11/2025, 6:59:06 PM
Method: GET | URL: /products | Status: 401 | Response Time: 0ms | Time Stamp: 3/11/2025, 6:59:08 PM
Method: GET | URL: /products | Status: 401 | Response Time: 0ms | Time Stamp: 3/11/2025, 6:59:08 PM
Method: POST | URL: /api/login | Status: 200 | Response Time: 0ms | Time Stamp: 3/11/2025, 6:59:13 PM
Method: GET | URL: /products | Status: 304 | Response Time: 0ms | Time Stamp: 3/11/2025, 6:59:13 PM
Method: GET | URL: /products | Status: 304 | Response Time: 0ms | Time Stamp: 3/11/2025, 6:59:13 PM
Method: GET | URL: /purchases | Status: 304 | Response Time: 0ms | Time Stamp: 3/11/2025, 6:59:16 PM
Method: GET | URL: /purchases | Status: 304 | Response Time: 0ms | Time Stamp: 3/11/2025, 6:59:16 PM
Method: POST | URL: /rate-distributor | Status: 200 | Response Time: 0ms | Time Stamp: 3/11/2025, 6:59:18 PM
Method: POST | URL: /api/login | Status: 200 | Response Time: 0ms | Time Stamp: 3/11/2025, 6:59:23 PM
Method: GET | URL: /purchases | Status: 304 | Response Time: 0ms | Time Stamp: 3/11/2025, 6:59:23 PM
Method: GET | URL: /purchases | Status: 304 | Response Time: 0ms | Time Stamp: 3/11/2025, 6:59:23 PM
Method: GET | URL: /purchases | Status: 304 | Response Time: 0ms | Time Stamp: 3/11/2025, 7:01:11 PM
Method: GET | URL: /purchases | Status: 304 | Response Time: 0ms | Time Stamp: 3/11/2025, 7:01:11 PM
Method: GET | URL: /products | Status: 401 | Response Time: 0ms | Time Stamp: 3/11/2025, 7:01:48 PM
Method: GET | URL: /products | Status: 401 | Response Time: 0ms | Time Stamp: 3/11/2025, 7:01:48 PM
Method: POST | URL: /api/login | Status: 200 | Response Time: 0ms | Time Stamp: 3/11/2025, 7:01:57 PM
Method: GET | URL: /products | Status: 304 | Response Time: 0ms | Time Stamp: 3/11/2025, 7:01:58 PM
Method: GET | URL: /products | Status: 304 | Response Time: 0ms | Time Stamp: 3/11/2025, 7:01:58 PM
Method: GET | URL: /purchases | Status: 304 | Response Time: 0ms | Time Stamp: 3/11/2025, 7:02:00 PM
Method: GET | URL: /purchases | Status: 304 | Response Time: 0ms | Time Stamp: 3/11/2025, 7:02:00 PM
Method: POST | URL: /rate-distributor | Status: 200 | Response Time: 0ms | Time Stamp: 3/11/2025, 7:02:02 PM
Method: POST | URL: /api/login | Status: 200 | Response Time: 0ms | Time Stamp: 3/11/2025, 7:02:08 PM
Method: GET | URL: /purchases | Status: 304 | Response Time: 0ms | Time Stamp: 3/11/2025, 7:02:08 PM
Method: GET | URL: /purchases | Status: 304 | Response Time: 0ms | Time Stamp: 3/11/2025, 7:02:08 PM
Method: GET | URL: /purchases | Status: 304 | Response Time: 0ms | Time Stamp: 3/11/2025, 7:08:03 PM
Method: GET | URL: /products | Status: 304 | Response Time: 0ms | Time Stamp: 3/11/2025, 7:08:07 PM
Method: GET | URL: /products | Status: 304 | Response Time: 0ms | Time Stamp: 3/11/2025, 7:08:07 PM
Method: POST | URL: /api/login | Status: 200 | Response Time: 0ms | Time Stamp: 3/11/2025, 7:08:12 PM
Method: GET | URL: /products | Status: 304 | Response Time: 0ms | Time Stamp: 3/11/2025, 7:08:12 PM
Method: GET | URL: /products | Status: 304 | Response Time: 0ms | Time Stamp: 3/11/2025, 7:08:12 PM
Method: GET | URL: /purchases | Status: 304 | Response Time: 0ms | Time Stamp: 3/11/2025, 7:08:15 PM
Method: GET | URL: /purchases | Status: 304 | Response Time: 0ms | Time Stamp: 3/11/2025, 7:08:15 PM
Method: POST | URL: /rate-distributor | Status: 200 | Response Time: 0ms | Time Stamp: 3/11/2025, 7:08:19 PM
Method: GET | URL: /products | Status: 304 | Response Time: 0ms | Time Stamp: 3/11/2025, 7:08:24 PM
Method: GET | URL: /products | Status: 304 | Response Time: 0ms | Time Stamp: 3/11/2025, 7:08:24 PM
Method: GET | URL: /purchases | Status: 200 | Response Time: 0ms | Time Stamp: 3/11/2025, 7:08:27 PM
Method: GET | URL: /purchases | Status: 304 | Response Time: 0ms | Time Stamp: 3/11/2025, 7:08:27 PM
Method: GET | URL: /purchases | Status: 304 | Response Time: 0ms | Time Stamp: 3/11/2025, 7:14:10 PM
Method: GET | URL: /purchases | Status: 304 | Response Time: 0ms | Time Stamp: 3/11/2025, 7:14:18 PM
Method: GET | URL: /purchases | Status: 304 | Response Time: 0ms | Time Stamp: 3/11/2025, 7:14:21 PM
Method: GET | URL: /purchases | Status: 304 | Response Time: 0ms | Time Stamp: 3/11/2025, 7:14:24 PM
Method: GET | URL: /purchases | Status: 304 | Response Time: 0ms | Time Stamp: 3/11/2025, 7:14:28 PM
Method: GET | URL: /purchases | Status: 304 | Response Time: 0ms | Time Stamp: 3/11/2025, 7:14:32 PM
Method: GET | URL: /purchases | Status: 304 | Response Time: 0ms | Time Stamp: 3/11/2025, 7:14:39 PM
Method: GET | URL: /purchases | Status: 304 | Response Time: 0ms | Time Stamp: 3/11/2025, 7:14:44 PM
Method: GET | URL: /purchases | Status: 304 | Response Time: 0ms | Time Stamp: 3/11/2025, 7:14:47 PM
Method: GET | URL: /products | Status: 304 | Response Time: 0ms | Time Stamp: 3/11/2025, 7:14:52 PM
Method: GET | URL: /products | Status: 304 | Response Time: 0ms | Time Stamp: 3/11/2025, 7:14:52 PM
Method: GET | URL: /purchases | Status: 304 | Response Time: 0ms | Time Stamp: 3/11/2025, 7:14:53 PM
Method: GET | URL: /purchases | Status: 304 | Response Time: 0ms | Time Stamp: 3/11/2025, 7:14:53 PM
Method: POST | URL: /api/login | Status: 200 | Response Time: 0ms | Time Stamp: 3/11/2025, 7:15:05 PM
Method: GET | URL: /purchases | Status: 304 | Response Time: 0ms | Time Stamp: 3/11/2025, 7:15:05 PM
Method: GET | URL: /purchases | Status: 304 | Response Time: 0ms | Time Stamp: 3/11/2025, 7:15:05 PM
Method: GET | URL: /products | Status: 304 | Response Time: 0ms | Time Stamp: 3/11/2025, 7:15:09 PM
Method: GET | URL: /products | Status: 304 | Response Time: 0ms | Time Stamp: 3/11/2025, 7:15:09 PM
Method: POST | URL: /api/login | Status: 200 | Response Time: 0ms | Time Stamp: 3/11/2025, 7:17:35 PM
Method: GET | URL: / | Status: 304 | Response Time: 0ms | Time Stamp: 3/11/2025, 7:17:35 PM
Method: GET | URL: /assigned-purchases | Status: 200 | Response Time: 0ms | Time Stamp: 3/11/2025, 7:17:35 PM
Method: GET | URL: / | Status: 304 | Response Time: 0ms | Time Stamp: 3/11/2025, 7:17:35 PM
Method: GET | URL: /assigned-purchases | Status: 304 | Response Time: 0ms | Time Stamp: 3/11/2025, 7:17:35 PM
Method: POST | URL: /api/login | Status: 200 | Response Time: 0ms | Time Stamp: 3/11/2025, 7:27:48 PM
Method: GET | URL: / | Status: 304 | Response Time: 0ms | Time Stamp: 3/11/2025, 7:27:48 PM
Method: GET | URL: /assigned-purchases | Status: 304 | Response Time: 0ms | Time Stamp: 3/11/2025, 7:27:48 PM
Method: GET | URL: / | Status: 304 | Response Time: 0ms | Time Stamp: 3/11/2025, 7:27:48 PM
Method: GET | URL: /assigned-purchases | Status: 304 | Response Time: 0ms | Time Stamp: 3/11/2025, 7:27:48 PM
Method: POST | URL: /update-info | Status: 200 | Response Time: 0ms | Time Stamp: 3/11/2025, 7:28:00 PM
Method: POST | URL: /update-availability | Status: 200 | Response Time: 0ms | Time Stamp: 3/11/2025, 7:28:07 PM
Method: POST | URL: /update-availability | Status: 200 | Response Time: 0ms | Time Stamp: 3/11/2025, 7:28:10 PM
Method: GET | URL: /assigned-purchases | Status: 401 | Response Time: 0ms | Time Stamp: 3/11/2025, 7:36:26 PM
Method: GET | URL: /assigned-purchases | Status: 401 | Response Time: 0ms | Time Stamp: 3/11/2025, 7:36:26 PM
Method: GET | URL: / | Status: 304 | Response Time: 0ms | Time Stamp: 3/11/2025, 7:36:26 PM
Method: GET | URL: / | Status: 304 | Response Time: 0ms | Time Stamp: 3/11/2025, 7:36:26 PM
Method: GET | URL: / | Status: 304 | Response Time: 0ms | Time Stamp: 3/11/2025, 7:36:37 PM
Method: GET | URL: /assigned-purchases | Status: 304 | Response Time: 0ms | Time Stamp: 3/11/2025, 7:36:37 PM
Method: GET | URL: / | Status: 304 | Response Time: 0ms | Time Stamp: 3/11/2025, 7:36:37 PM
Method: GET | URL: /assigned-purchases | Status: 304 | Response Time: 0ms | Time Stamp: 3/11/2025, 7:36:37 PM
Method: POST | URL: /api/login | Status: 200 | Response Time: 0ms | Time Stamp: 3/11/2025, 7:36:45 PM
Method: GET | URL: / | Status: 304 | Response Time: 0ms | Time Stamp: 3/11/2025, 7:36:45 PM
Method: GET | URL: /assigned-purchases | Status: 304 | Response Time: 0ms | Time Stamp: 3/11/2025, 7:36:45 PM
Method: GET | URL: / | Status: 304 | Response Time: 0ms | Time Stamp: 3/11/2025, 7:36:45 PM
Method: GET | URL: /assigned-purchases | Status: 304 | Response Time: 0ms | Time Stamp: 3/11/2025, 7:36:45 PM
Method: POST | URL: /api/login | Status: 200 | Response Time: 0ms | Time Stamp: 3/11/2025, 7:36:56 PM
Method: GET | URL: / | Status: 304 | Response Time: 0ms | Time Stamp: 3/11/2025, 7:36:56 PM
Method: GET | URL: /assigned-purchases | Status: 304 | Response Time: 0ms | Time Stamp: 3/11/2025, 7:36:56 PM
Method: GET | URL: / | Status: 304 | Response Time: 0ms | Time Stamp: 3/11/2025, 7:36:56 PM
Method: GET | URL: /assigned-purchases | Status: 304 | Response Time: 0ms | Time Stamp: 3/11/2025, 7:36:56 PM
Method: POST | URL: /api/login | Status: 200 | Response Time: 0ms | Time Stamp: 3/11/2025, 7:37:03 PM
Method: GET | URL: /products | Status: 304 | Response Time: 0ms | Time Stamp: 3/11/2025, 7:37:03 PM
Method: GET | URL: /products | Status: 304 | Response Time: 0ms | Time Stamp: 3/11/2025, 7:37:03 PM
Method: POST | URL: /add-to-cart | Status: 200 | Response Time: 0ms | Time Stamp: 3/11/2025, 7:37:06 PM
Method: POST | URL: /add-to-cart | Status: 200 | Response Time: 0ms | Time Stamp: 3/11/2025, 7:37:06 PM
Method: POST | URL: /add-to-cart | Status: 200 | Response Time: 0ms | Time Stamp: 3/11/2025, 7:37:12 PM
Method: POST | URL: /add-to-cart | Status: 200 | Response Time: 0ms | Time Stamp: 3/11/2025, 7:37:12 PM
Method: GET | URL: /get-cart | Status: 200 | Response Time: 0ms | Time Stamp: 3/11/2025, 7:37:14 PM
Method: GET | URL: /get-cart | Status: 304 | Response Time: 0ms | Time Stamp: 3/11/2025, 7:37:15 PM
Method: POST | URL: /checkout | Status: 200 | Response Time: 0ms | Time Stamp: 3/11/2025, 7:37:19 PM
Method: GET | URL: /products | Status: 200 | Response Time: 0ms | Time Stamp: 3/11/2025, 7:37:37 PM
Method: GET | URL: /products | Status: 304 | Response Time: 0ms | Time Stamp: 3/11/2025, 7:37:37 PM
Method: GET | URL: /purchases | Status: 200 | Response Time: 0ms | Time Stamp: 3/11/2025, 7:37:51 PM
Method: GET | URL: /purchases | Status: 304 | Response Time: 0ms | Time Stamp: 3/11/2025, 7:37:51 PM
Method: GET | URL: /get-cart | Status: 200 | Response Time: 0ms | Time Stamp: 3/11/2025, 7:38:05 PM
Method: GET | URL: /get-cart | Status: 304 | Response Time: 0ms | Time Stamp: 3/11/2025, 7:38:05 PM
Method: GET | URL: /profile | Status: 304 | Response Time: 0ms | Time Stamp: 3/11/2025, 7:38:06 PM
Method: GET | URL: /profile | Status: 304 | Response Time: 0ms | Time Stamp: 3/11/2025, 7:38:06 PM
Method: GET | URL: /purchases | Status: 304 | Response Time: 0ms | Time Stamp: 3/11/2025, 7:38:08 PM
Method: GET | URL: /purchases | Status: 304 | Response Time: 0ms | Time Stamp: 3/11/2025, 7:38:08 PM
Method: POST | URL: /api/login | Status: 200 | Response Time: 0ms | Time Stamp: 3/11/2025, 7:38:23 PM
Method: GET | URL: / | Status: 304 | Response Time: 0ms | Time Stamp: 3/11/2025, 7:38:24 PM
Method: GET | URL: /assigned-purchases | Status: 200 | Response Time: 0ms | Time Stamp: 3/11/2025, 7:38:24 PM
Method: GET | URL: / | Status: 304 | Response Time: 0ms | Time Stamp: 3/11/2025, 7:38:24 PM
Method: GET | URL: /assigned-purchases | Status: 304 | Response Time: 0ms | Time Stamp: 3/11/2025, 7:38:24 PM
Method: POST | URL: /update-delivery-status | Status: 200 | Response Time: 0ms | Time Stamp: 3/11/2025, 7:38:26 PM
Method: POST | URL: /api/login | Status: 200 | Response Time: 0ms | Time Stamp: 3/11/2025, 7:38:38 PM
Method: GET | URL: /purchases | Status: 200 | Response Time: 0ms | Time Stamp: 3/11/2025, 7:38:38 PM
Method: GET | URL: /purchases | Status: 304 | Response Time: 0ms | Time Stamp: 3/11/2025, 7:38:38 PM
Method: POST | URL: /rate-distributor | Status: 200 | Response Time: 0ms | Time Stamp: 3/11/2025, 7:38:41 PM
Method: GET | URL: /purchases | Status: 200 | Response Time: 0ms | Time Stamp: 3/11/2025, 7:38:41 PM
Method: GET | URL: /products | Status: 304 | Response Time: 0ms | Time Stamp: 3/11/2025, 7:38:49 PM
Method: GET | URL: /products | Status: 304 | Response Time: 0ms | Time Stamp: 3/11/2025, 7:38:49 PM
Method: GET | URL: /purchases | Status: 304 | Response Time: 0ms | Time Stamp: 3/11/2025, 7:38:50 PM
Method: GET | URL: /purchases | Status: 304 | Response Time: 0ms | Time Stamp: 3/11/2025, 7:38:50 PM
Method: GET | URL: /get-cart | Status: 304 | Response Time: 0ms | Time Stamp: 3/11/2025, 7:38:53 PM
Method: GET | URL: /get-cart | Status: 304 | Response Time: 0ms | Time Stamp: 3/11/2025, 7:38:53 PM
Method: GET | URL: /products | Status: 304 | Response Time: 0ms | Time Stamp: 3/11/2025, 7:38:55 PM
Method: GET | URL: /products | Status: 304 | Response Time: 0ms | Time Stamp: 3/11/2025, 7:38:55 PM
Method: POST | URL: /api/login | Status: 200 | Response Time: 0ms | Time Stamp: 3/11/2025, 7:40:24 PM
Method: GET | URL: /products | Status: 304 | Response Time: 0ms | Time Stamp: 3/11/2025, 7:40:24 PM
Method: GET | URL: /products | Status: 304 | Response Time: 0ms | Time Stamp: 3/11/2025, 7:40:24 PM
Method: POST | URL: /add-to-cart | Status: 200 | Response Time: 0ms | Time Stamp: 3/11/2025, 7:40:30 PM
Method: POST | URL: /add-to-cart | Status: 200 | Response Time: 0ms | Time Stamp: 3/11/2025, 7:40:31 PM
Method: GET | URL: /get-cart | Status: 200 | Response Time: 0ms | Time Stamp: 3/11/2025, 7:40:32 PM
Method: GET | URL: /get-cart | Status: 304 | Response Time: 0ms | Time Stamp: 3/11/2025, 7:40:33 PM
Method: POST | URL: /checkout | Status: 200 | Response Time: 0ms | Time Stamp: 3/11/2025, 7:40:36 PM
Method: GET | URL: /products | Status: 200 | Response Time: 0ms | Time Stamp: 3/11/2025, 7:40:39 PM
Method: GET | URL: /products | Status: 304 | Response Time: 0ms | Time Stamp: 3/11/2025, 7:40:39 PM
Method: GET | URL: /get-cart | Status: 200 | Response Time: 0ms | Time Stamp: 3/11/2025, 7:40:40 PM
Method: GET | URL: /get-cart | Status: 304 | Response Time: 0ms | Time Stamp: 3/11/2025, 7:40:40 PM
Method: GET | URL: /products | Status: 304 | Response Time: 0ms | Time Stamp: 3/11/2025, 7:40:40 PM
Method: GET | URL: /products | Status: 304 | Response Time: 0ms | Time Stamp: 3/11/2025, 7:40:40 PM
Method: POST | URL: /api/login | Status: 200 | Response Time: 0ms | Time Stamp: 3/11/2025, 7:42:14 PM
Method: GET | URL: /products | Status: 304 | Response Time: 0ms | Time Stamp: 3/11/2025, 7:42:15 PM
Method: GET | URL: /products | Status: 304 | Response Time: 0ms | Time Stamp: 3/11/2025, 7:42:15 PM
Method: POST | URL: /add-to-cart | Status: 200 | Response Time: 0ms | Time Stamp: 3/11/2025, 7:42:18 PM
Method: POST | URL: /add-to-cart | Status: 200 | Response Time: 0ms | Time Stamp: 3/11/2025, 7:42:18 PM
Method: GET | URL: /get-cart | Status: 200 | Response Time: 0ms | Time Stamp: 3/11/2025, 7:42:21 PM
Method: GET | URL: /get-cart | Status: 304 | Response Time: 0ms | Time Stamp: 3/11/2025, 7:42:21 PM
Method: POST | URL: /checkout | Status: 200 | Response Time: 0ms | Time Stamp: 3/11/2025, 7:42:26 PM
Method: GET | URL: /products | Status: 200 | Response Time: 0ms | Time Stamp: 3/11/2025, 7:42:42 PM
Method: GET | URL: /products | Status: 304 | Response Time: 0ms | Time Stamp: 3/11/2025, 7:42:42 PM
Method: GET | URL: /purchases | Status: 200 | Response Time: 0ms | Time Stamp: 3/11/2025, 7:42:47 PM
Method: GET | URL: /purchases | Status: 304 | Response Time: 0ms | Time Stamp: 3/11/2025, 7:42:47 PM
Method: POST | URL: /rate-distributor | Status: 200 | Response Time: 0ms | Time Stamp: 3/11/2025, 7:42:51 PM
Method: GET | URL: /purchases | Status: 200 | Response Time: 0ms | Time Stamp: 3/11/2025, 7:42:51 PM
Method: POST | URL: /api/login | Status: 200 | Response Time: 0ms | Time Stamp: 3/11/2025, 7:43:01 PM
Method: GET | URL: / | Status: 304 | Response Time: 0ms | Time Stamp: 3/11/2025, 7:43:01 PM
Method: GET | URL: /assigned-purchases | Status: 200 | Response Time: 0ms | Time Stamp: 3/11/2025, 7:43:01 PM
Method: GET | URL: / | Status: 304 | Response Time: 0ms | Time Stamp: 3/11/2025, 7:43:01 PM
Method: GET | URL: /assigned-purchases | Status: 304 | Response Time: 0ms | Time Stamp: 3/11/2025, 7:43:01 PM
Method: POST | URL: /update-delivery-status | Status: 200 | Response Time: 0ms | Time Stamp: 3/11/2025, 7:43:13 PM
Method: POST | URL: /update-delivery-status | Status: 200 | Response Time: 0ms | Time Stamp: 3/11/2025, 7:43:15 PM
Method: POST | URL: /api/login | Status: 200 | Response Time: 0ms | Time Stamp: 3/11/2025, 7:43:25 PM
Method: GET | URL: /purchases | Status: 200 | Response Time: 0ms | Time Stamp: 3/11/2025, 7:43:25 PM
Method: GET | URL: /purchases | Status: 304 | Response Time: 0ms | Time Stamp: 3/11/2025, 7:43:25 PM
Method: POST | URL: /api/login | Status: 200 | Response Time: 0ms | Time Stamp: 3/11/2025, 7:53:20 PM
Method: GET | URL: /products | Status: 304 | Response Time: 0ms | Time Stamp: 3/11/2025, 7:53:20 PM
Method: GET | URL: /products | Status: 304 | Response Time: 0ms | Time Stamp: 3/11/2025, 7:53:20 PM
Method: GET | URL: /purchases | Status: 304 | Response Time: 0ms | Time Stamp: 3/11/2025, 7:53:23 PM
Method: GET | URL: /purchases | Status: 304 | Response Time: 0ms | Time Stamp: 3/11/2025, 7:53:23 PM
Method: POST | URL: /api/login | Status: 200 | Response Time: 0ms | Time Stamp: 3/11/2025, 7:58:57 PM
Method: GET | URL: /purchases | Status: 304 | Response Time: 0ms | Time Stamp: 3/11/2025, 7:58:57 PM
Method: GET | URL: /purchases | Status: 304 | Response Time: 0ms | Time Stamp: 3/11/2025, 7:58:57 PM
Method: GET | URL: /products | Status: 304 | Response Time: 0ms | Time Stamp: 3/11/2025, 7:58:59 PM
Method: GET | URL: /products | Status: 304 | Response Time: 0ms | Time Stamp: 3/11/2025, 7:58:59 PM
Method: GET | URL: /get-cart | Status: 200 | Response Time: 0ms | Time Stamp: 3/11/2025, 7:59:08 PM
Method: GET | URL: /get-cart | Status: 304 | Response Time: 0ms | Time Stamp: 3/11/2025, 7:59:08 PM
Method: GET | URL: /profile | Status: 304 | Response Time: 0ms | Time Stamp: 3/11/2025, 7:59:09 PM
Method: GET | URL: /profile | Status: 304 | Response Time: 0ms | Time Stamp: 3/11/2025, 7:59:09 PM
Method: GET | URL: /products | Status: 304 | Response Time: 0ms | Time Stamp: 3/11/2025, 7:59:12 PM
Method: GET | URL: /products | Status: 304 | Response Time: 0ms | Time Stamp: 3/11/2025, 7:59:12 PM
Method: POST | URL: /api/login | Status: 200 | Response Time: 0ms | Time Stamp: 3/11/2025, 8:36:51 PM
Method: GET | URL: /products | Status: 304 | Response Time: 0ms | Time Stamp: 3/11/2025, 8:36:51 PM
Method: GET | URL: /products | Status: 304 | Response Time: 0ms | Time Stamp: 3/11/2025, 8:36:53 PM
Method: POST | URL: /api/login | Status: 200 | Response Time: 0ms | Time Stamp: 3/11/2025, 8:37:33 PM
Method: GET | URL: /dashboard | Status: 200 | Response Time: 0ms | Time Stamp: 3/11/2025, 8:37:34 PM
Method: GET | URL: /profile | Status: 200 | Response Time: 0ms | Time Stamp: 3/11/2025, 8:37:34 PM
Method: GET | URL: /dashboard | Status: 200 | Response Time: 0ms | Time Stamp: 3/11/2025, 8:37:34 PM
Method: GET | URL: /profit-data | Status: 200 | Response Time: 0ms | Time Stamp: 3/11/2025, 8:37:34 PM
Method: GET | URL: /profile | Status: 304 | Response Time: 0ms | Time Stamp: 3/11/2025, 8:37:34 PM
Method: GET | URL: /profit-data | Status: 304 | Response Time: 0ms | Time Stamp: 3/11/2025, 8:37:34 PM
Method: POST | URL: /add-product | Status: 200 | Response Time: 0ms | Time Stamp: 3/11/2025, 8:37:56 PM
Method: GET | URL: /dashboard | Status: 200 | Response Time: 0ms | Time Stamp: 3/11/2025, 8:37:56 PM
Method: GET | URL: /profit-data | Status: 304 | Response Time: 0ms | Time Stamp: 3/11/2025, 8:37:56 PM
Method: POST | URL: /api/login | Status: 200 | Response Time: 0ms | Time Stamp: 3/11/2025, 8:39:33 PM
Method: GET | URL: / | Status: 304 | Response Time: 0ms | Time Stamp: 3/11/2025, 8:39:33 PM
Method: GET | URL: /assigned-purchases | Status: 200 | Response Time: 0ms | Time Stamp: 3/11/2025, 8:39:33 PM
Method: GET | URL: / | Status: 304 | Response Time: 0ms | Time Stamp: 3/11/2025, 8:39:33 PM
Method: GET | URL: /assigned-purchases | Status: 304 | Response Time: 0ms | Time Stamp: 3/11/2025, 8:39:33 PM
Method: POST | URL: /update-info | Status: 200 | Response Time: 0ms | Time Stamp: 3/11/2025, 8:40:30 PM
Method: POST | URL: /api/login | Status: 200 | Response Time: 0ms | Time Stamp: 3/11/2025, 8:45:48 PM
Method: GET | URL: / | Status: 304 | Response Time: 0ms | Time Stamp: 3/11/2025, 8:45:48 PM
Method: GET | URL: /assigned-purchases | Status: 304 | Response Time: 0ms | Time Stamp: 3/11/2025, 8:45:48 PM
Method: GET | URL: / | Status: 304 | Response Time: 0ms | Time Stamp: 3/11/2025, 8:45:48 PM
Method: GET | URL: /assigned-purchases | Status: 304 | Response Time: 0ms | Time Stamp: 3/11/2025, 8:45:48 PM
Method: POST | URL: /update-info | Status: 200 | Response Time: 0ms | Time Stamp: 3/11/2025, 8:45:56 PM
Method: POST | URL: /api/login | Status: 200 | Response Time: 0ms | Time Stamp: 3/11/2025, 8:49:23 PM
Method: GET | URL: / | Status: 304 | Response Time: 0ms | Time Stamp: 3/11/2025, 8:49:23 PM
Method: GET | URL: /assigned-purchases | Status: 304 | Response Time: 0ms | Time Stamp: 3/11/2025, 8:49:23 PM
Method: GET | URL: / | Status: 304 | Response Time: 0ms | Time Stamp: 3/11/2025, 8:49:24 PM
Method: GET | URL: /assigned-purchases | Status: 304 | Response Time: 0ms | Time Stamp: 3/11/2025, 8:49:24 PM
Method: GET | URL: /assigned-purchases | Status: 304 | Response Time: 0ms | Time Stamp: 3/11/2025, 8:50:37 PM
Method: GET | URL: / | Status: 304 | Response Time: 0ms | Time Stamp: 3/11/2025, 8:50:37 PM
Method: GET | URL: / | Status: 304 | Response Time: 0ms | Time Stamp: 3/11/2025, 8:50:38 PM
Method: GET | URL: /assigned-purchases | Status: 304 | Response Time: 0ms | Time Stamp: 3/11/2025, 8:50:38 PM
Method: POST | URL: /api/login | Status: 200 | Response Time: 0ms | Time Stamp: 3/11/2025, 8:51:12 PM
Method: GET | URL: / | Status: 304 | Response Time: 0ms | Time Stamp: 3/11/2025, 8:51:12 PM
Method: GET | URL: /assigned-purchases | Status: 304 | Response Time: 0ms | Time Stamp: 3/11/2025, 8:51:12 PM
Method: GET | URL: / | Status: 304 | Response Time: 0ms | Time Stamp: 3/11/2025, 8:51:12 PM
Method: GET | URL: /assigned-purchases | Status: 304 | Response Time: 0ms | Time Stamp: 3/11/2025, 8:51:12 PM
Method: GET | URL: /get-details | Status: 401 | Response Time: 0ms | Time Stamp: 3/11/2025, 8:54:31 PM
Method: GET | URL: /get-details | Status: 401 | Response Time: 0ms | Time Stamp: 3/11/2025, 9:06:43 PM
Method: GET | URL: /get-details | Status: 401 | Response Time: 0ms | Time Stamp: 3/11/2025, 9:07:07 PM
Method: GET | URL: /favicon.ico | Status: 404 | Response Time: 0ms | Time Stamp: 3/11/2025, 9:07:08 PM
Method: POST | URL: /api/login | Status: 200 | Response Time: 0ms | Time Stamp: 3/11/2025, 9:07:14 PM
Method: GET | URL: / | Status: 200 | Response Time: 0ms | Time Stamp: 3/11/2025, 9:07:15 PM
Method: GET | URL: /assigned-purchases | Status: 304 | Response Time: 0ms | Time Stamp: 3/11/2025, 9:07:15 PM
Method: GET | URL: / | Status: 304 | Response Time: 0ms | Time Stamp: 3/11/2025, 9:07:15 PM
Method: GET | URL: /assigned-purchases | Status: 304 | Response Time: 0ms | Time Stamp: 3/11/2025, 9:07:15 PM
Method: GET | URL: /get-details | Status: 200 | Response Time: 0ms | Time Stamp: 3/11/2025, 9:07:16 PM
Method: GET | URL: /assigned-purchases | Status: 304 | Response Time: 0ms | Time Stamp: 3/11/2025, 9:16:59 PM
Method: GET | URL: / | Status: 304 | Response Time: 0ms | Time Stamp: 3/11/2025, 9:16:59 PM
Method: GET | URL: /assigned-purchases | Status: 304 | Response Time: 0ms | Time Stamp: 3/11/2025, 9:16:59 PM
Method: GET | URL: / | Status: 304 | Response Time: 0ms | Time Stamp: 3/11/2025, 9:16:59 PM
Method: GET | URL: /assigned-purchases | Status: 304 | Response Time: 0ms | Time Stamp: 3/11/2025, 9:18:19 PM
Method: GET | URL: / | Status: 304 | Response Time: 0ms | Time Stamp: 3/11/2025, 9:18:19 PM
Method: GET | URL: /assigned-purchases | Status: 401 | Response Time: 0ms | Time Stamp: 3/11/2025, 9:20:04 PM
Method: GET | URL: /assigned-purchases | Status: 401 | Response Time: 0ms | Time Stamp: 3/11/2025, 9:20:04 PM
Method: GET | URL: / | Status: 304 | Response Time: 0ms | Time Stamp: 3/11/2025, 9:20:04 PM
Method: GET | URL: / | Status: 304 | Response Time: 0ms | Time Stamp: 3/11/2025, 9:20:05 PM
Method: GET | URL: / | Status: 304 | Response Time: 0ms | Time Stamp: 3/11/2025, 9:20:07 PM
Method: GET | URL: /assigned-purchases | Status: 304 | Response Time: 0ms | Time Stamp: 3/11/2025, 9:20:07 PM
Method: GET | URL: / | Status: 304 | Response Time: 0ms | Time Stamp: 3/11/2025, 9:20:07 PM
Method: GET | URL: /assigned-purchases | Status: 304 | Response Time: 0ms | Time Stamp: 3/11/2025, 9:20:07 PM
Method: POST | URL: /api/login | Status: 200 | Response Time: 0ms | Time Stamp: 3/11/2025, 9:20:23 PM
Method: GET | URL: / | Status: 304 | Response Time: 0ms | Time Stamp: 3/11/2025, 9:20:23 PM
Method: GET | URL: /assigned-purchases | Status: 304 | Response Time: 0ms | Time Stamp: 3/11/2025, 9:20:23 PM
Method: GET | URL: /assigned-purchases | Status: 304 | Response Time: 0ms | Time Stamp: 3/11/2025, 9:20:23 PM
Method: GET | URL: / | Status: 304 | Response Time: 0ms | Time Stamp: 3/11/2025, 9:20:23 PM
Method: GET | URL: /assigned-purchases | Status: 304 | Response Time: 0ms | Time Stamp: 3/11/2025, 9:23:06 PM
Method: GET | URL: / | Status: 304 | Response Time: 0ms | Time Stamp: 3/11/2025, 9:23:06 PM
Method: GET | URL: /assigned-purchases | Status: 304 | Response Time: 0ms | Time Stamp: 3/11/2025, 9:23:10 PM
Method: GET | URL: / | Status: 304 | Response Time: 0ms | Time Stamp: 3/11/2025, 9:23:10 PM
Method: GET | URL: /assigned-purchases | Status: 304 | Response Time: 0ms | Time Stamp: 3/11/2025, 9:23:10 PM
Method: GET | URL: / | Status: 304 | Response Time: 0ms | Time Stamp: 3/11/2025, 9:23:10 PM
Method: GET | URL: /assigned-purchases | Status: 304 | Response Time: 0ms | Time Stamp: 3/11/2025, 9:23:13 PM
Method: GET | URL: / | Status: 304 | Response Time: 0ms | Time Stamp: 3/11/2025, 9:23:13 PM
Method: POST | URL: /api/login | Status: 200 | Response Time: 0ms | Time Stamp: 3/11/2025, 9:23:31 PM
Method: GET | URL: /assigned-purchases | Status: 304 | Response Time: 0ms | Time Stamp: 3/11/2025, 9:23:31 PM
Method: GET | URL: / | Status: 304 | Response Time: 0ms | Time Stamp: 3/11/2025, 9:23:31 PM
Method: GET | URL: / | Status: 304 | Response Time: 0ms | Time Stamp: 3/11/2025, 9:23:31 PM
Method: GET | URL: /assigned-purchases | Status: 304 | Response Time: 0ms | Time Stamp: 3/11/2025, 9:23:31 PM
Method: POST | URL: /update-availability | Status: 200 | Response Time: 0ms | Time Stamp: 3/11/2025, 9:23:45 PM
Method: POST | URL: /update-availability | Status: 200 | Response Time: 0ms | Time Stamp: 3/11/2025, 9:23:46 PM
Method: GET | URL: / | Status: 304 | Response Time: 0ms | Time Stamp: 3/11/2025, 9:26:31 PM
Method: GET | URL: /assigned-purchases | Status: 304 | Response Time: 0ms | Time Stamp: 3/11/2025, 9:26:31 PM
Method: POST | URL: /api/login | Status: 200 | Response Time: 0ms | Time Stamp: 3/11/2025, 9:26:42 PM
Method: GET | URL: / | Status: 304 | Response Time: 0ms | Time Stamp: 3/11/2025, 9:26:42 PM
Method: GET | URL: /assigned-purchases | Status: 304 | Response Time: 0ms | Time Stamp: 3/11/2025, 9:26:42 PM
Method: GET | URL: / | Status: 304 | Response Time: 0ms | Time Stamp: 3/11/2025, 9:26:43 PM
Method: GET | URL: /assigned-purchases | Status: 304 | Response Time: 0ms | Time Stamp: 3/11/2025, 9:26:43 PM
Method: POST | URL: /api/login | Status: 200 | Response Time: 0ms | Time Stamp: 3/11/2025, 9:27:00 PM
Method: GET | URL: /products | Status: 200 | Response Time: 0ms | Time Stamp: 3/11/2025, 9:27:01 PM
Method: GET | URL: /products | Status: 304 | Response Time: 0ms | Time Stamp: 3/11/2025, 9:27:01 PM
Method: POST | URL: /add-to-cart | Status: 200 | Response Time: 0ms | Time Stamp: 3/11/2025, 9:27:03 PM
Method: POST | URL: /add-to-cart | Status: 200 | Response Time: 0ms | Time Stamp: 3/11/2025, 9:27:03 PM
Method: GET | URL: /get-cart | Status: 200 | Response Time: 0ms | Time Stamp: 3/11/2025, 9:27:06 PM
Method: GET | URL: /get-cart | Status: 304 | Response Time: 0ms | Time Stamp: 3/11/2025, 9:27:06 PM
Method: POST | URL: /checkout | Status: 500 | Response Time: 0ms | Time Stamp: 3/11/2025, 9:27:12 PM
Method: GET | URL: /products | Status: 200 | Response Time: 0ms | Time Stamp: 3/11/2025, 9:27:38 PM
Method: GET | URL: /products | Status: 304 | Response Time: 0ms | Time Stamp: 3/11/2025, 9:27:38 PM
Method: GET | URL: /get-cart | Status: 304 | Response Time: 0ms | Time Stamp: 3/11/2025, 9:27:40 PM
Method: GET | URL: /get-cart | Status: 304 | Response Time: 0ms | Time Stamp: 3/11/2025, 9:27:40 PM
Method: GET | URL: /products | Status: 304 | Response Time: 0ms | Time Stamp: 3/11/2025, 9:27:41 PM
Method: GET | URL: /products | Status: 304 | Response Time: 0ms | Time Stamp: 3/11/2025, 9:27:41 PM
Method: POST | URL: /add-to-cart | Status: 200 | Response Time: 0ms | Time Stamp: 3/11/2025, 9:27:44 PM
Method: POST | URL: /add-to-cart | Status: 200 | Response Time: 0ms | Time Stamp: 3/11/2025, 9:27:44 PM
Method: GET | URL: /get-cart | Status: 200 | Response Time: 0ms | Time Stamp: 3/11/2025, 9:27:45 PM
Method: GET | URL: /get-cart | Status: 304 | Response Time: 0ms | Time Stamp: 3/11/2025, 9:27:45 PM
Method: POST | URL: /checkout | Status: 200 | Response Time: 0ms | Time Stamp: 3/11/2025, 9:27:48 PM
Method: GET | URL: /purchases | Status: 200 | Response Time: 0ms | Time Stamp: 3/11/2025, 9:27:53 PM
Method: GET | URL: /purchases | Status: 304 | Response Time: 0ms | Time Stamp: 3/11/2025, 9:27:53 PM
Method: POST | URL: /api/login | Status: 200 | Response Time: 0ms | Time Stamp: 3/11/2025, 9:28:01 PM
Method: GET | URL: / | Status: 304 | Response Time: 0ms | Time Stamp: 3/11/2025, 9:28:01 PM
Method: GET | URL: /assigned-purchases | Status: 200 | Response Time: 0ms | Time Stamp: 3/11/2025, 9:28:02 PM
Method: GET | URL: /assigned-purchases | Status: 304 | Response Time: 0ms | Time Stamp: 3/11/2025, 9:28:02 PM
Method: GET | URL: / | Status: 304 | Response Time: 0ms | Time Stamp: 3/11/2025, 9:28:02 PM
Method: GET | URL: /assigned-purchases | Status: 401 | Response Time: 0ms | Time Stamp: 3/11/2025, 9:31:07 PM
Method: GET | URL: /assigned-purchases | Status: 401 | Response Time: 0ms | Time Stamp: 3/11/2025, 9:31:07 PM
Method: GET | URL: / | Status: 304 | Response Time: 0ms | Time Stamp: 3/11/2025, 9:31:07 PM
Method: GET | URL: / | Status: 304 | Response Time: 0ms | Time Stamp: 3/11/2025, 9:31:07 PM
Method: POST | URL: /api/login | Status: 200 | Response Time: 0ms | Time Stamp: 3/11/2025, 9:31:13 PM
Method: GET | URL: / | Status: 304 | Response Time: 0ms | Time Stamp: 3/11/2025, 9:31:13 PM
Method: GET | URL: /assigned-purchases | Status: 304 | Response Time: 0ms | Time Stamp: 3/11/2025, 9:31:13 PM
Method: GET | URL: / | Status: 304 | Response Time: 0ms | Time Stamp: 3/11/2025, 9:31:13 PM
Method: GET | URL: /assigned-purchases | Status: 304 | Response Time: 0ms | Time Stamp: 3/11/2025, 9:31:13 PM
Method: POST | URL: /update-delivery-status | Status: 200 | Response Time: 0ms | Time Stamp: 3/11/2025, 9:31:16 PM
Method: POST | URL: /api/login | Status: 200 | Response Time: 0ms | Time Stamp: 3/11/2025, 9:31:42 PM
Method: GET | URL: /assigned-purchases | Status: 200 | Response Time: 0ms | Time Stamp: 3/11/2025, 9:31:42 PM
Method: GET | URL: / | Status: 200 | Response Time: 0ms | Time Stamp: 3/11/2025, 9:31:42 PM
Method: GET | URL: / | Status: 304 | Response Time: 0ms | Time Stamp: 3/11/2025, 9:31:42 PM
Method: GET | URL: /assigned-purchases | Status: 304 | Response Time: 0ms | Time Stamp: 3/11/2025, 9:31:43 PM
Method: POST | URL: /api/login | Status: 200 | Response Time: 0ms | Time Stamp: 3/11/2025, 9:32:01 PM
Method: GET | URL: / | Status: 304 | Response Time: 0ms | Time Stamp: 3/11/2025, 9:32:01 PM
Method: GET | URL: /assigned-purchases | Status: 304 | Response Time: 0ms | Time Stamp: 3/11/2025, 9:32:01 PM
Method: GET | URL: / | Status: 304 | Response Time: 0ms | Time Stamp: 3/11/2025, 9:32:01 PM
Method: GET | URL: /assigned-purchases | Status: 304 | Response Time: 0ms | Time Stamp: 3/11/2025, 9:32:01 PM
Method: POST | URL: /api/login | Status: 200 | Response Time: 0ms | Time Stamp: 3/11/2025, 9:32:15 PM
Method: GET | URL: /products | Status: 200 | Response Time: 0ms | Time Stamp: 3/11/2025, 9:32:15 PM
Method: GET | URL: /products | Status: 304 | Response Time: 0ms | Time Stamp: 3/11/2025, 9:32:15 PM
Method: GET | URL: /purchases | Status: 200 | Response Time: 0ms | Time Stamp: 3/11/2025, 9:32:17 PM
Method: GET | URL: /purchases | Status: 304 | Response Time: 0ms | Time Stamp: 3/11/2025, 9:32:17 PM
Method: POST | URL: /rate-distributor | Status: 200 | Response Time: 0ms | Time Stamp: 3/11/2025, 9:32:20 PM
Method: GET | URL: /purchases | Status: 200 | Response Time: 0ms | Time Stamp: 3/11/2025, 9:32:20 PM
Method: POST | URL: /api/login | Status: 200 | Response Time: 0ms | Time Stamp: 3/11/2025, 9:32:31 PM
Method: GET | URL: / | Status: 200 | Response Time: 0ms | Time Stamp: 3/11/2025, 9:32:31 PM
Method: GET | URL: /assigned-purchases | Status: 200 | Response Time: 0ms | Time Stamp: 3/11/2025, 9:32:31 PM
Method: GET | URL: /assigned-purchases | Status: 304 | Response Time: 0ms | Time Stamp: 3/11/2025, 9:32:31 PM
Method: GET | URL: / | Status: 304 | Response Time: 0ms | Time Stamp: 3/11/2025, 9:32:31 PM
Method: POST | URL: /api/login | Status: 200 | Response Time: 0ms | Time Stamp: 3/11/2025, 9:33:55 PM
Method: GET | URL: / | Status: 304 | Response Time: 0ms | Time Stamp: 3/11/2025, 9:33:55 PM
Method: GET | URL: /assigned-purchases | Status: 304 | Response Time: 0ms | Time Stamp: 3/11/2025, 9:33:55 PM
Method: GET | URL: / | Status: 304 | Response Time: 0ms | Time Stamp: 3/11/2025, 9:33:55 PM
Method: GET | URL: /assigned-purchases | Status: 304 | Response Time: 0ms | Time Stamp: 3/11/2025, 9:33:55 PM
Method: POST | URL: /api/login | Status: 200 | Response Time: 0ms | Time Stamp: 3/11/2025, 9:34:15 PM
Method: GET | URL: /purchases | Status: 304 | Response Time: 0ms | Time Stamp: 3/11/2025, 9:34:15 PM
Method: GET | URL: /purchases | Status: 304 | Response Time: 0ms | Time Stamp: 3/11/2025, 9:34:15 PM
Method: GET | URL: /products | Status: 304 | Response Time: 0ms | Time Stamp: 3/11/2025, 9:34:36 PM
Method: GET | URL: /products | Status: 304 | Response Time: 0ms | Time Stamp: 3/11/2025, 9:34:36 PM
Method: POST | URL: /add-to-cart | Status: 200 | Response Time: 0ms | Time Stamp: 3/11/2025, 9:34:49 PM
Method: POST | URL: /add-to-cart | Status: 200 | Response Time: 0ms | Time Stamp: 3/11/2025, 9:34:50 PM
Method: GET | URL: /get-cart | Status: 200 | Response Time: 0ms | Time Stamp: 3/11/2025, 9:34:54 PM
Method: GET | URL: /get-cart | Status: 304 | Response Time: 0ms | Time Stamp: 3/11/2025, 9:34:54 PM
Method: GET | URL: /products | Status: 200 | Response Time: 0ms | Time Stamp: 3/11/2025, 9:35:01 PM
Method: GET | URL: /products | Status: 304 | Response Time: 0ms | Time Stamp: 3/11/2025, 9:35:01 PM
Method: GET | URL: /get-cart | Status: 304 | Response Time: 0ms | Time Stamp: 3/11/2025, 9:35:07 PM
Method: GET | URL: /get-cart | Status: 304 | Response Time: 0ms | Time Stamp: 3/11/2025, 9:35:07 PM
Method: POST | URL: /checkout | Status: 200 | Response Time: 0ms | Time Stamp: 3/11/2025, 9:35:14 PM
Method: GET | URL: /products | Status: 200 | Response Time: 0ms | Time Stamp: 3/11/2025, 9:35:37 PM
Method: GET | URL: /products | Status: 304 | Response Time: 0ms | Time Stamp: 3/11/2025, 9:35:37 PM
Method: GET | URL: /profile | Status: 304 | Response Time: 0ms | Time Stamp: 3/11/2025, 9:35:43 PM
Method: GET | URL: /profile | Status: 304 | Response Time: 0ms | Time Stamp: 3/11/2025, 9:35:43 PM
Method: GET | URL: /purchases | Status: 200 | Response Time: 0ms | Time Stamp: 3/11/2025, 9:35:44 PM
Method: GET | URL: /purchases | Status: 304 | Response Time: 0ms | Time Stamp: 3/11/2025, 9:35:44 PM
Method: POST | URL: /api/login | Status: 200 | Response Time: 0ms | Time Stamp: 3/11/2025, 9:36:00 PM
Method: GET | URL: / | Status: 304 | Response Time: 0ms | Time Stamp: 3/11/2025, 9:36:00 PM
Method: GET | URL: /assigned-purchases | Status: 200 | Response Time: 0ms | Time Stamp: 3/11/2025, 9:36:00 PM
Method: GET | URL: /assigned-purchases | Status: 304 | Response Time: 0ms | Time Stamp: 3/11/2025, 9:36:00 PM
Method: GET | URL: / | Status: 304 | Response Time: 0ms | Time Stamp: 3/11/2025, 9:36:00 PM
Method: POST | URL: /update-delivery-status | Status: 200 | Response Time: 0ms | Time Stamp: 3/11/2025, 9:36:11 PM
Method: GET | URL: /assigned-purchases | Status: 200 | Response Time: 0ms | Time Stamp: 3/11/2025, 9:36:16 PM
Method: GET | URL: / | Status: 200 | Response Time: 0ms | Time Stamp: 3/11/2025, 9:36:16 PM
Method: GET | URL: / | Status: 304 | Response Time: 0ms | Time Stamp: 3/11/2025, 9:36:16 PM
Method: GET | URL: /assigned-purchases | Status: 304 | Response Time: 0ms | Time Stamp: 3/11/2025, 9:36:16 PM
Method: POST | URL: /api/login | Status: 200 | Response Time: 0ms | Time Stamp: 3/11/2025, 9:36:27 PM
Method: GET | URL: /products | Status: 304 | Response Time: 0ms | Time Stamp: 3/11/2025, 9:36:27 PM
Method: GET | URL: /products | Status: 304 | Response Time: 0ms | Time Stamp: 3/11/2025, 9:36:27 PM
Method: GET | URL: /purchases | Status: 200 | Response Time: 0ms | Time Stamp: 3/11/2025, 9:36:32 PM
Method: GET | URL: /purchases | Status: 304 | Response Time: 0ms | Time Stamp: 3/11/2025, 9:36:32 PM
Method: POST | URL: /rate-distributor | Status: 200 | Response Time: 0ms | Time Stamp: 3/11/2025, 9:36:37 PM
Method: GET | URL: /purchases | Status: 200 | Response Time: 0ms | Time Stamp: 3/11/2025, 9:36:37 PM
Method: POST | URL: /api/login | Status: 200 | Response Time: 0ms | Time Stamp: 3/11/2025, 9:37:12 PM
Method: GET | URL: / | Status: 200 | Response Time: 0ms | Time Stamp: 3/11/2025, 9:37:12 PM
Method: GET | URL: /assigned-purchases | Status: 200 | Response Time: 0ms | Time Stamp: 3/11/2025, 9:37:12 PM
Method: GET | URL: / | Status: 304 | Response Time: 0ms | Time Stamp: 3/11/2025, 9:37:12 PM
Method: GET | URL: /assigned-purchases | Status: 304 | Response Time: 0ms | Time Stamp: 3/11/2025, 9:37:12 PM
Method: POST | URL: /api/login | Status: 500 | Response Time: 0ms | Time Stamp: 3/11/2025, 9:42:21 PM
Method: POST | URL: /api/login | Status: 500 | Response Time: 0ms | Time Stamp: 3/11/2025, 9:42:23 PM
Method: POST | URL: /api/login | Status: 500 | Response Time: 0ms | Time Stamp: 3/11/2025, 9:42:23 PM
Method: POST | URL: /api/login | Status: 200 | Response Time: 0ms | Time Stamp: 3/11/2025, 9:42:26 PM
Method: GET | URL: /purchases | Status: 304 | Response Time: 0ms | Time Stamp: 3/11/2025, 9:42:26 PM
Method: GET | URL: /purchases | Status: 304 | Response Time: 0ms | Time Stamp: 3/11/2025, 9:42:26 PM
Method: GET | URL: /products | Status: 304 | Response Time: 0ms | Time Stamp: 3/11/2025, 9:42:34 PM
Method: GET | URL: /products | Status: 304 | Response Time: 0ms | Time Stamp: 3/11/2025, 9:42:34 PM
Method: POST | URL: /api/login | Status: 200 | Response Time: 0ms | Time Stamp: 3/11/2025, 9:42:42 PM
Method: GET | URL: /dashboard | Status: 200 | Response Time: 0ms | Time Stamp: 3/11/2025, 9:42:42 PM
Method: GET | URL: /dashboard | Status: 200 | Response Time: 0ms | Time Stamp: 3/11/2025, 9:42:42 PM
Method: GET | URL: /profile | Status: 304 | Response Time: 0ms | Time Stamp: 3/11/2025, 9:42:43 PM
Method: GET | URL: /profile | Status: 304 | Response Time: 0ms | Time Stamp: 3/11/2025, 9:42:43 PM
Method: GET | URL: /profit-data | Status: 200 | Response Time: 0ms | Time Stamp: 3/11/2025, 9:42:43 PM
Method: GET | URL: /profit-data | Status: 304 | Response Time: 0ms | Time Stamp: 3/11/2025, 9:42:43 PM
Method: POST | URL: /api/login | Status: 200 | Response Time: 0ms | Time Stamp: 3/11/2025, 10:12:41 PM
Method: GET | URL: /products | Status: 304 | Response Time: 0ms | Time Stamp: 3/11/2025, 10:12:41 PM
Method: GET | URL: /products | Status: 304 | Response Time: 0ms | Time Stamp: 3/11/2025, 10:12:41 PM
Method: POST | URL: /add-to-cart | Status: 200 | Response Time: 0ms | Time Stamp: 3/11/2025, 10:12:44 PM
Method: POST | URL: /add-to-cart | Status: 200 | Response Time: 0ms | Time Stamp: 3/11/2025, 10:12:44 PM
Method: POST | URL: /add-to-cart | Status: 200 | Response Time: 0ms | Time Stamp: 3/11/2025, 10:12:44 PM
Method: POST | URL: /add-to-cart | Status: 200 | Response Time: 0ms | Time Stamp: 3/11/2025, 10:12:44 PM
Method: GET | URL: /get-cart | Status: 200 | Response Time: 0ms | Time Stamp: 3/11/2025, 10:12:47 PM
Method: GET | URL: /get-cart | Status: 304 | Response Time: 0ms | Time Stamp: 3/11/2025, 10:12:47 PM
Method: GET | URL: /products | Status: 200 | Response Time: 0ms | Time Stamp: 3/11/2025, 10:12:50 PM
Method: GET | URL: /products | Status: 304 | Response Time: 0ms | Time Stamp: 3/11/2025, 10:12:50 PM
Method: GET | URL: /get-cart | Status: 304 | Response Time: 0ms | Time Stamp: 3/11/2025, 10:12:53 PM
Method: GET | URL: /get-cart | Status: 304 | Response Time: 0ms | Time Stamp: 3/11/2025, 10:12:53 PM
Method: POST | URL: /delete-from-cart | Status: 200 | Response Time: 0ms | Time Stamp: 3/11/2025, 10:12:55 PM
Method: GET | URL: /get-cart | Status: 200 | Response Time: 0ms | Time Stamp: 3/11/2025, 10:12:55 PM
Method: GET | URL: /products | Status: 200 | Response Time: 0ms | Time Stamp: 3/11/2025, 10:12:56 PM
Method: GET | URL: /products | Status: 304 | Response Time: 0ms | Time Stamp: 3/11/2025, 10:12:56 PM
Method: POST | URL: /add-to-cart | Status: 200 | Response Time: 0ms | Time Stamp: 3/11/2025, 10:12:58 PM
Method: POST | URL: /add-to-cart | Status: 200 | Response Time: 0ms | Time Stamp: 3/11/2025, 10:12:58 PM
Method: GET | URL: /get-cart | Status: 200 | Response Time: 0ms | Time Stamp: 3/11/2025, 10:12:59 PM
Method: GET | URL: /get-cart | Status: 304 | Response Time: 0ms | Time Stamp: 3/11/2025, 10:12:59 PM
Method: POST | URL: /checkout | Status: 400 | Response Time: 0ms | Time Stamp: 3/11/2025, 10:13:02 PM
Method: GET | URL: /purchases | Status: 304 | Response Time: 0ms | Time Stamp: 3/11/2025, 10:13:27 PM
Method: GET | URL: /purchases | Status: 304 | Response Time: 0ms | Time Stamp: 3/11/2025, 10:13:27 PM
Method: GET | URL: /profile | Status: 304 | Response Time: 0ms | Time Stamp: 3/11/2025, 10:13:30 PM
Method: GET | URL: /profile | Status: 304 | Response Time: 0ms | Time Stamp: 3/11/2025, 10:13:30 PM
Method: GET | URL: /products | Status: 401 | Response Time: 0ms | Time Stamp: 3/11/2025, 10:18:39 PM
Method: GET | URL: /products | Status: 401 | Response Time: 0ms | Time Stamp: 3/11/2025, 10:18:39 PM
Method: POST | URL: /api/login | Status: 200 | Response Time: 0ms | Time Stamp: 3/11/2025, 10:18:44 PM
Method: GET | URL: /products | Status: 200 | Response Time: 0ms | Time Stamp: 3/11/2025, 10:18:44 PM
Method: GET | URL: /products | Status: 304 | Response Time: 0ms | Time Stamp: 3/11/2025, 10:18:44 PM
Method: GET | URL: /purchases | Status: 304 | Response Time: 0ms | Time Stamp: 3/11/2025, 10:18:47 PM
Method: GET | URL: /purchases | Status: 304 | Response Time: 0ms | Time Stamp: 3/11/2025, 10:18:47 PM
Method: GET | URL: /get-cart | Status: 304 | Response Time: 0ms | Time Stamp: 3/11/2025, 10:18:49 PM
Method: GET | URL: /get-cart | Status: 304 | Response Time: 0ms | Time Stamp: 3/11/2025, 10:18:49 PM
Method: POST | URL: /checkout | Status: 200 | Response Time: 0ms | Time Stamp: 3/11/2025, 10:18:54 PM
Method: GET | URL: /products | Status: 200 | Response Time: 0ms | Time Stamp: 3/11/2025, 10:19:11 PM
Method: GET | URL: /products | Status: 304 | Response Time: 0ms | Time Stamp: 3/11/2025, 10:19:12 PM
Method: POST | URL: /api/login | Status: 200 | Response Time: 0ms | Time Stamp: 3/11/2025, 10:19:18 PM
Method: GET | URL: / | Status: 200 | Response Time: 0ms | Time Stamp: 3/11/2025, 10:19:18 PM
Method: GET | URL: /assigned-purchases | Status: 304 | Response Time: 0ms | Time Stamp: 3/11/2025, 10:19:18 PM
Method: GET | URL: / | Status: 304 | Response Time: 0ms | Time Stamp: 3/11/2025, 10:19:19 PM
Method: GET | URL: /assigned-purchases | Status: 304 | Response Time: 0ms | Time Stamp: 3/11/2025, 10:19:19 PM
Method: POST | URL: /api/login | Status: 200 | Response Time: 0ms | Time Stamp: 3/11/2025, 10:20:13 PM
Method: GET | URL: /products | Status: 304 | Response Time: 0ms | Time Stamp: 3/11/2025, 10:20:13 PM
Method: GET | URL: /products | Status: 304 | Response Time: 0ms | Time Stamp: 3/11/2025, 10:20:13 PM
Method: GET | URL: /purchases | Status: 200 | Response Time: 0ms | Time Stamp: 3/11/2025, 10:20:15 PM
Method: GET | URL: /purchases | Status: 304 | Response Time: 0ms | Time Stamp: 3/11/2025, 10:20:15 PM
Method: POST | URL: /api/login | Status: 200 | Response Time: 0ms | Time Stamp: 3/11/2025, 10:22:40 PM
Method: GET | URL: /purchases | Status: 304 | Response Time: 0ms | Time Stamp: 3/11/2025, 10:22:40 PM
Method: GET | URL: /purchases | Status: 304 | Response Time: 0ms | Time Stamp: 3/11/2025, 10:22:40 PM
Method: GET | URL: /products | Status: 304 | Response Time: 0ms | Time Stamp: 3/11/2025, 10:22:46 PM
Method: GET | URL: /products | Status: 304 | Response Time: 0ms | Time Stamp: 3/11/2025, 10:22:46 PM
Method: POST | URL: /add-to-cart | Status: 200 | Response Time: 0ms | Time Stamp: 3/11/2025, 10:22:50 PM
Method: POST | URL: /add-to-cart | Status: 200 | Response Time: 0ms | Time Stamp: 3/11/2025, 10:22:50 PM
Method: GET | URL: /get-cart | Status: 200 | Response Time: 0ms | Time Stamp: 3/11/2025, 10:22:52 PM
Method: GET | URL: /get-cart | Status: 304 | Response Time: 0ms | Time Stamp: 3/11/2025, 10:22:52 PM
Method: POST | URL: /checkout | Status: 200 | Response Time: 0ms | Time Stamp: 3/11/2025, 10:22:57 PM
Method: GET | URL: /products | Status: 200 | Response Time: 0ms | Time Stamp: 3/11/2025, 10:23:16 PM
Method: GET | URL: /products | Status: 304 | Response Time: 0ms | Time Stamp: 3/11/2025, 10:23:17 PM
Method: GET | URL: /purchases | Status: 200 | Response Time: 0ms | Time Stamp: 3/11/2025, 10:23:34 PM
Method: GET | URL: /purchases | Status: 304 | Response Time: 0ms | Time Stamp: 3/11/2025, 10:23:35 PM
Method: POST | URL: /api/login | Status: 200 | Response Time: 0ms | Time Stamp: 3/11/2025, 10:24:00 PM
Method: GET | URL: / | Status: 200 | Response Time: 0ms | Time Stamp: 3/11/2025, 10:24:00 PM
Method: GET | URL: /assigned-purchases | Status: 304 | Response Time: 0ms | Time Stamp: 3/11/2025, 10:24:00 PM
Method: GET | URL: / | Status: 304 | Response Time: 0ms | Time Stamp: 3/11/2025, 10:24:00 PM
Method: GET | URL: /assigned-purchases | Status: 304 | Response Time: 0ms | Time Stamp: 3/11/2025, 10:24:01 PM
Method: POST | URL: /api/signup | Status: 201 | Response Time: 0ms | Time Stamp: 3/11/2025, 10:24:40 PM
Method: GET | URL: /purchases | Status: 200 | Response Time: 0ms | Time Stamp: 3/11/2025, 10:24:40 PM
Method: GET | URL: /purchases | Status: 304 | Response Time: 0ms | Time Stamp: 3/11/2025, 10:24:40 PM
Method: GET | URL: /products | Status: 200 | Response Time: 0ms | Time Stamp: 3/11/2025, 10:24:44 PM
Method: GET | URL: /products | Status: 304 | Response Time: 0ms | Time Stamp: 3/11/2025, 10:24:44 PM
Method: GET | URL: /profile | Status: 200 | Response Time: 0ms | Time Stamp: 3/11/2025, 10:24:48 PM
Method: GET | URL: /profile | Status: 304 | Response Time: 0ms | Time Stamp: 3/11/2025, 10:24:48 PM
Method: POST | URL: /api/login | Status: 200 | Response Time: 0ms | Time Stamp: 3/11/2025, 10:24:57 PM
Method: GET | URL: /profile | Status: 200 | Response Time: 0ms | Time Stamp: 3/11/2025, 10:24:57 PM
Method: GET | URL: /profile | Status: 304 | Response Time: 0ms | Time Stamp: 3/11/2025, 10:24:57 PM
Method: POST | URL: /update-profile | Status: 200 | Response Time: 0ms | Time Stamp: 3/11/2025, 10:25:14 PM
Method: GET | URL: /purchases | Status: 304 | Response Time: 0ms | Time Stamp: 3/11/2025, 10:25:18 PM
Method: GET | URL: /purchases | Status: 304 | Response Time: 0ms | Time Stamp: 3/11/2025, 10:25:18 PM
Method: GET | URL: /products | Status: 200 | Response Time: 0ms | Time Stamp: 3/11/2025, 10:25:19 PM
Method: GET | URL: /products | Status: 304 | Response Time: 0ms | Time Stamp: 3/11/2025, 10:25:19 PM
Method: POST | URL: /add-to-cart | Status: 200 | Response Time: 0ms | Time Stamp: 3/11/2025, 10:25:23 PM
Method: POST | URL: /add-to-cart | Status: 200 | Response Time: 0ms | Time Stamp: 3/11/2025, 10:25:23 PM
Method: GET | URL: /get-cart | Status: 200 | Response Time: 0ms | Time Stamp: 3/11/2025, 10:25:24 PM
Method: GET | URL: /get-cart | Status: 304 | Response Time: 0ms | Time Stamp: 3/11/2025, 10:25:25 PM
Method: POST | URL: /checkout | Status: 200 | Response Time: 0ms | Time Stamp: 3/11/2025, 10:25:28 PM
Method: GET | URL: /products | Status: 200 | Response Time: 0ms | Time Stamp: 3/11/2025, 10:25:47 PM
Method: GET | URL: /products | Status: 304 | Response Time: 0ms | Time Stamp: 3/11/2025, 10:25:47 PM
Method: POST | URL: /api/login | Status: 200 | Response Time: 0ms | Time Stamp: 3/11/2025, 10:26:36 PM
Method: GET | URL: / | Status: 200 | Response Time: 0ms | Time Stamp: 3/11/2025, 10:26:36 PM
Method: GET | URL: /assigned-purchases | Status: 304 | Response Time: 0ms | Time Stamp: 3/11/2025, 10:26:36 PM
Method: GET | URL: / | Status: 304 | Response Time: 0ms | Time Stamp: 3/11/2025, 10:26:36 PM
Method: GET | URL: /assigned-purchases | Status: 304 | Response Time: 0ms | Time Stamp: 3/11/2025, 10:26:36 PM
Method: POST | URL: /api/signup | Status: 201 | Response Time: 0ms | Time Stamp: 3/11/2025, 10:32:07 PM
Method: GET | URL: /assigned-purchases | Status: 401 | Response Time: 0ms | Time Stamp: 3/11/2025, 10:32:07 PM
Method: GET | URL: /assigned-purchases | Status: 401 | Response Time: 0ms | Time Stamp: 3/11/2025, 10:32:07 PM
Method: GET | URL: / | Status: 304 | Response Time: 0ms | Time Stamp: 3/11/2025, 10:32:07 PM
Method: GET | URL: / | Status: 304 | Response Time: 0ms | Time Stamp: 3/11/2025, 10:32:07 PM
Method: POST | URL: /api/login | Status: 200 | Response Time: 0ms | Time Stamp: 3/11/2025, 10:32:25 PM
Method: GET | URL: /assigned-purchases | Status: 200 | Response Time: 0ms | Time Stamp: 3/11/2025, 10:32:25 PM
Method: GET | URL: / | Status: 404 | Response Time: 0ms | Time Stamp: 3/11/2025, 10:32:25 PM
Method: GET | URL: /assigned-purchases | Status: 304 | Response Time: 0ms | Time Stamp: 3/11/2025, 10:32:25 PM
Method: GET | URL: / | Status: 404 | Response Time: 0ms | Time Stamp: 3/11/2025, 10:32:25 PM
Method: GET | URL: /assigned-purchases | Status: 304 | Response Time: 0ms | Time Stamp: 3/11/2025, 10:32:27 PM
Method: GET | URL: / | Status: 404 | Response Time: 0ms | Time Stamp: 3/11/2025, 10:32:27 PM
Method: GET | URL: /assigned-purchases | Status: 304 | Response Time: 0ms | Time Stamp: 3/11/2025, 10:32:27 PM
Method: GET | URL: / | Status: 404 | Response Time: 0ms | Time Stamp: 3/11/2025, 10:32:28 PM
Method: GET | URL: /assigned-purchases | Status: 304 | Response Time: 0ms | Time Stamp: 3/11/2025, 10:33:37 PM
Method: GET | URL: / | Status: 404 | Response Time: 0ms | Time Stamp: 3/11/2025, 10:33:37 PM
Method: GET | URL: /assigned-purchases | Status: 304 | Response Time: 0ms | Time Stamp: 3/11/2025, 10:33:37 PM
Method: GET | URL: / | Status: 404 | Response Time: 0ms | Time Stamp: 3/11/2025, 10:33:37 PM
Method: GET | URL: /assigned-purchases | Status: 401 | Response Time: 0ms | Time Stamp: 3/11/2025, 10:41:28 PM
Method: GET | URL: /assigned-purchases | Status: 401 | Response Time: 0ms | Time Stamp: 3/11/2025, 10:41:28 PM
Method: GET | URL: / | Status: 404 | Response Time: 0ms | Time Stamp: 3/11/2025, 10:41:28 PM
Method: GET | URL: / | Status: 404 | Response Time: 0ms | Time Stamp: 3/11/2025, 10:41:28 PM
Method: POST | URL: /api/login | Status: 200 | Response Time: 0ms | Time Stamp: 3/11/2025, 10:41:49 PM
Method: GET | URL: /assigned-purchases | Status: 304 | Response Time: 0ms | Time Stamp: 3/11/2025, 10:41:49 PM
Method: GET | URL: / | Status: 404 | Response Time: 0ms | Time Stamp: 3/11/2025, 10:41:49 PM
Method: GET | URL: /assigned-purchases | Status: 304 | Response Time: 0ms | Time Stamp: 3/11/2025, 10:41:49 PM
Method: GET | URL: / | Status: 404 | Response Time: 0ms | Time Stamp: 3/11/2025, 10:41:49 PM
Method: GET | URL: /assigned-purchases | Status: 304 | Response Time: 0ms | Time Stamp: 3/11/2025, 10:42:06 PM
Method: GET | URL: / | Status: 404 | Response Time: 0ms | Time Stamp: 3/11/2025, 10:42:06 PM
Method: GET | URL: /assigned-purchases | Status: 304 | Response Time: 0ms | Time Stamp: 3/11/2025, 10:42:06 PM
Method: GET | URL: / | Status: 404 | Response Time: 0ms | Time Stamp: 3/11/2025, 10:42:06 PM
Method: GET | URL: /assigned-purchases | Status: 401 | Response Time: 0ms | Time Stamp: 3/11/2025, 10:42:44 PM
Method: GET | URL: /assigned-purchases | Status: 401 | Response Time: 0ms | Time Stamp: 3/11/2025, 10:42:44 PM
Method: GET | URL: / | Status: 404 | Response Time: 0ms | Time Stamp: 3/11/2025, 10:42:44 PM
Method: GET | URL: / | Status: 404 | Response Time: 0ms | Time Stamp: 3/11/2025, 10:42:44 PM
Method: GET | URL: /assigned-purchases | Status: 304 | Response Time: 0ms | Time Stamp: 3/11/2025, 10:42:46 PM
Method: GET | URL: / | Status: 404 | Response Time: 0ms | Time Stamp: 3/11/2025, 10:42:46 PM
Method: GET | URL: /assigned-purchases | Status: 304 | Response Time: 0ms | Time Stamp: 3/11/2025, 10:42:46 PM
Method: GET | URL: / | Status: 404 | Response Time: 0ms | Time Stamp: 3/11/2025, 10:42:46 PM
Method: POST | URL: /api/login | Status: 200 | Response Time: 0ms | Time Stamp: 3/11/2025, 10:43:00 PM
Method: GET | URL: /products | Status: 200 | Response Time: 0ms | Time Stamp: 3/11/2025, 10:43:00 PM
Method: GET | URL: /products | Status: 304 | Response Time: 0ms | Time Stamp: 3/11/2025, 10:43:00 PM
Method: POST | URL: /api/login | Status: 200 | Response Time: 0ms | Time Stamp: 3/11/2025, 10:43:09 PM
Method: GET | URL: /dashboard | Status: 200 | Response Time: 0ms | Time Stamp: 3/11/2025, 10:43:09 PM
Method: GET | URL: /profile | Status: 304 | Response Time: 0ms | Time Stamp: 3/11/2025, 10:43:09 PM
Method: GET | URL: /dashboard | Status: 200 | Response Time: 0ms | Time Stamp: 3/11/2025, 10:43:09 PM
Method: GET | URL: /profit-data | Status: 304 | Response Time: 0ms | Time Stamp: 3/11/2025, 10:43:09 PM
Method: GET | URL: /profile | Status: 304 | Response Time: 0ms | Time Stamp: 3/11/2025, 10:43:09 PM
Method: GET | URL: /profit-data | Status: 304 | Response Time: 0ms | Time Stamp: 3/11/2025, 10:43:09 PM
Method: POST | URL: /api/login | Status: 200 | Response Time: 0ms | Time Stamp: 3/11/2025, 10:43:16 PM
Method: GET | URL: / | Status: 200 | Response Time: 0ms | Time Stamp: 3/11/2025, 10:43:16 PM
Method: GET | URL: /purchases-analysis | Status: 200 | Response Time: 0ms | Time Stamp: 3/11/2025, 10:43:17 PM
Method: GET | URL: /customer-analysis | Status: 200 | Response Time: 0ms | Time Stamp: 3/11/2025, 10:43:17 PM
Method: GET | URL: / | Status: 304 | Response Time: 0ms | Time Stamp: 3/11/2025, 10:43:17 PM
Method: GET | URL: /purchases-analysis | Status: 304 | Response Time: 0ms | Time Stamp: 3/11/2025, 10:43:17 PM
Method: GET | URL: /customer-analysis | Status: 304 | Response Time: 0ms | Time Stamp: 3/11/2025, 10:43:17 PM
Method: POST | URL: /api/login | Status: 200 | Response Time: 0ms | Time Stamp: 3/11/2025, 10:43:25 PM
Method: GET | URL: / | Status: 200 | Response Time: 0ms | Time Stamp: 3/11/2025, 10:43:25 PM
Method: GET | URL: /assigned-purchases | Status: 200 | Response Time: 0ms | Time Stamp: 3/11/2025, 10:43:25 PM
Method: GET | URL: /assigned-purchases | Status: 304 | Response Time: 0ms | Time Stamp: 3/11/2025, 10:43:25 PM
Method: GET | URL: / | Status: 304 | Response Time: 0ms | Time Stamp: 3/11/2025, 10:43:25 PM
Method: POST | URL: /api/signup | Status: 201 | Response Time: 0ms | Time Stamp: 3/11/2025, 10:44:08 PM
Method: GET | URL: / | Status: 304 | Response Time: 0ms | Time Stamp: 3/11/2025, 10:44:08 PM
Method: GET | URL: /assigned-purchases | Status: 304 | Response Time: 0ms | Time Stamp: 3/11/2025, 10:44:08 PM
Method: GET | URL: / | Status: 304 | Response Time: 0ms | Time Stamp: 3/11/2025, 10:44:08 PM
Method: GET | URL: /assigned-purchases | Status: 304 | Response Time: 0ms | Time Stamp: 3/11/2025, 10:44:08 PM
Method: POST | URL: /api/login | Status: 200 | Response Time: 0ms | Time Stamp: 3/11/2025, 10:44:57 PM
Method: GET | URL: /assigned-purchases | Status: 200 | Response Time: 0ms | Time Stamp: 3/11/2025, 10:44:58 PM
Method: GET | URL: / | Status: 404 | Response Time: 0ms | Time Stamp: 3/11/2025, 10:44:58 PM
Method: GET | URL: /assigned-purchases | Status: 304 | Response Time: 0ms | Time Stamp: 3/11/2025, 10:44:58 PM
Method: GET | URL: / | Status: 404 | Response Time: 0ms | Time Stamp: 3/11/2025, 10:44:58 PM
Method: GET | URL: /assigned-purchases | Status: 304 | Response Time: 0ms | Time Stamp: 3/11/2025, 10:45:11 PM
Method: GET | URL: / | Status: 404 | Response Time: 0ms | Time Stamp: 3/11/2025, 10:45:11 PM
Method: GET | URL: /assigned-purchases | Status: 304 | Response Time: 0ms | Time Stamp: 3/11/2025, 10:45:11 PM
Method: GET | URL: / | Status: 404 | Response Time: 0ms | Time Stamp: 3/11/2025, 10:45:11 PM
Method: GET | URL: /assigned-purchases | Status: 304 | Response Time: 0ms | Time Stamp: 3/11/2025, 10:45:12 PM
Method: GET | URL: / | Status: 404 | Response Time: 0ms | Time Stamp: 3/11/2025, 10:45:12 PM
Method: GET | URL: /assigned-purchases | Status: 304 | Response Time: 0ms | Time Stamp: 3/11/2025, 10:45:12 PM
Method: GET | URL: / | Status: 404 | Response Time: 0ms | Time Stamp: 3/11/2025, 10:45:12 PM
Method: GET | URL: /assigned-purchases | Status: 304 | Response Time: 0ms | Time Stamp: 3/11/2025, 10:45:13 PM
Method: GET | URL: / | Status: 404 | Response Time: 0ms | Time Stamp: 3/11/2025, 10:45:13 PM
Method: GET | URL: /assigned-purchases | Status: 304 | Response Time: 0ms | Time Stamp: 3/11/2025, 10:45:13 PM
Method: GET | URL: / | Status: 404 | Response Time: 0ms | Time Stamp: 3/11/2025, 10:45:13 PM
Method: GET | URL: /assigned-purchases | Status: 304 | Response Time: 0ms | Time Stamp: 3/11/2025, 10:45:14 PM
Method: GET | URL: / | Status: 404 | Response Time: 0ms | Time Stamp: 3/11/2025, 10:45:14 PM
Method: GET | URL: /assigned-purchases | Status: 304 | Response Time: 0ms | Time Stamp: 3/11/2025, 10:45:14 PM
Method: GET | URL: / | Status: 404 | Response Time: 0ms | Time Stamp: 3/11/2025, 10:45:14 PM
Method: GET | URL: /assigned-purchases | Status: 304 | Response Time: 0ms | Time Stamp: 3/11/2025, 10:45:14 PM
Method: GET | URL: / | Status: 404 | Response Time: 0ms | Time Stamp: 3/11/2025, 10:45:14 PM
Method: GET | URL: /assigned-purchases | Status: 304 | Response Time: 0ms | Time Stamp: 3/11/2025, 10:45:14 PM
Method: GET | URL: / | Status: 404 | Response Time: 0ms | Time Stamp: 3/11/2025, 10:45:14 PM
Method: GET | URL: /assigned-purchases | Status: 304 | Response Time: 0ms | Time Stamp: 3/11/2025, 10:45:15 PM
Method: GET | URL: / | Status: 404 | Response Time: 0ms | Time Stamp: 3/11/2025, 10:45:15 PM
Method: GET | URL: /assigned-purchases | Status: 304 | Response Time: 0ms | Time Stamp: 3/11/2025, 10:45:15 PM
Method: GET | URL: / | Status: 404 | Response Time: 0ms | Time Stamp: 3/11/2025, 10:45:16 PM
Method: GET | URL: /assigned-purchases | Status: 304 | Response Time: 0ms | Time Stamp: 3/11/2025, 10:45:16 PM
Method: GET | URL: / | Status: 404 | Response Time: 0ms | Time Stamp: 3/11/2025, 10:45:16 PM
Method: GET | URL: /assigned-purchases | Status: 304 | Response Time: 0ms | Time Stamp: 3/11/2025, 10:45:16 PM
Method: GET | URL: / | Status: 404 | Response Time: 0ms | Time Stamp: 3/11/2025, 10:45:16 PM
Method: GET | URL: /assigned-purchases | Status: 304 | Response Time: 0ms | Time Stamp: 3/11/2025, 10:45:17 PM
Method: GET | URL: / | Status: 404 | Response Time: 0ms | Time Stamp: 3/11/2025, 10:45:17 PM
Method: GET | URL: /assigned-purchases | Status: 304 | Response Time: 0ms | Time Stamp: 3/11/2025, 10:45:17 PM
Method: GET | URL: / | Status: 404 | Response Time: 0ms | Time Stamp: 3/11/2025, 10:45:17 PM
Method: GET | URL: /assigned-purchases | Status: 401 | Response Time: 0ms | Time Stamp: 3/11/2025, 10:48:45 PM
Method: GET | URL: /assigned-purchases | Status: 401 | Response Time: 0ms | Time Stamp: 3/11/2025, 10:48:45 PM
Method: GET | URL: / | Status: 404 | Response Time: 0ms | Time Stamp: 3/11/2025, 10:48:45 PM
Method: GET | URL: / | Status: 404 | Response Time: 0ms | Time Stamp: 3/11/2025, 10:48:45 PM
Method: GET | URL: /assigned-purchases | Status: 401 | Response Time: 0ms | Time Stamp: 3/11/2025, 10:49:30 PM
Method: GET | URL: /assigned-purchases | Status: 401 | Response Time: 0ms | Time Stamp: 3/11/2025, 10:49:30 PM
Method: GET | URL: / | Status: 404 | Response Time: 0ms | Time Stamp: 3/11/2025, 10:49:31 PM
Method: GET | URL: / | Status: 404 | Response Time: 0ms | Time Stamp: 3/11/2025, 10:49:31 PM
Method: GET | URL: /assigned-purchases | Status: 401 | Response Time: 0ms | Time Stamp: 3/11/2025, 10:50:03 PM
Method: GET | URL: /assigned-purchases | Status: 401 | Response Time: 0ms | Time Stamp: 3/11/2025, 10:50:03 PM
Method: GET | URL: / | Status: 404 | Response Time: 0ms | Time Stamp: 3/11/2025, 10:50:03 PM
Method: GET | URL: / | Status: 404 | Response Time: 0ms | Time Stamp: 3/11/2025, 10:50:03 PM
Method: POST | URL: /api/login | Status: 200 | Response Time: 0ms | Time Stamp: 3/11/2025, 10:50:20 PM
Method: GET | URL: /assigned-purchases | Status: 304 | Response Time: 0ms | Time Stamp: 3/11/2025, 10:50:21 PM
Method: GET | URL: / | Status: 404 | Response Time: 0ms | Time Stamp: 3/11/2025, 10:50:21 PM
Method: GET | URL: /assigned-purchases | Status: 304 | Response Time: 0ms | Time Stamp: 3/11/2025, 10:50:21 PM
Method: GET | URL: / | Status: 404 | Response Time: 0ms | Time Stamp: 3/11/2025, 10:50:21 PM
Method: GET | URL: /assigned-purchases | Status: 401 | Response Time: 0ms | Time Stamp: 3/11/2025, 10:55:30 PM
Method: GET | URL: /assigned-purchases | Status: 401 | Response Time: 0ms | Time Stamp: 3/11/2025, 10:55:30 PM
Method: GET | URL: / | Status: 404 | Response Time: 0ms | Time Stamp: 3/11/2025, 10:55:30 PM
Method: GET | URL: / | Status: 404 | Response Time: 0ms | Time Stamp: 3/11/2025, 10:55:31 PM
Method: POST | URL: /api/login | Status: 200 | Response Time: 0ms | Time Stamp: 3/11/2025, 10:55:57 PM
Method: GET | URL: /assigned-purchases | Status: 304 | Response Time: 0ms | Time Stamp: 3/11/2025, 10:55:57 PM
Method: GET | URL: / | Status: 404 | Response Time: 0ms | Time Stamp: 3/11/2025, 10:55:57 PM
Method: GET | URL: /assigned-purchases | Status: 304 | Response Time: 0ms | Time Stamp: 3/11/2025, 10:55:57 PM
Method: GET | URL: / | Status: 404 | Response Time: 0ms | Time Stamp: 3/11/2025, 10:55:57 PM
Method: GET | URL: /assigned-purchases | Status: 401 | Response Time: 0ms | Time Stamp: 3/11/2025, 10:57:21 PM
Method: GET | URL: /assigned-purchases | Status: 401 | Response Time: 0ms | Time Stamp: 3/11/2025, 10:57:21 PM
Method: GET | URL: / | Status: 404 | Response Time: 0ms | Time Stamp: 3/11/2025, 10:57:21 PM
Method: GET | URL: / | Status: 404 | Response Time: 0ms | Time Stamp: 3/11/2025, 10:57:21 PM
Method: POST | URL: /api/login | Status: 200 | Response Time: 0ms | Time Stamp: 3/11/2025, 10:57:33 PM
Method: GET | URL: /assigned-purchases | Status: 304 | Response Time: 0ms | Time Stamp: 3/11/2025, 10:57:33 PM
Method: GET | URL: / | Status: 404 | Response Time: 0ms | Time Stamp: 3/11/2025, 10:57:33 PM
Method: GET | URL: /assigned-purchases | Status: 304 | Response Time: 0ms | Time Stamp: 3/11/2025, 10:57:33 PM
Method: GET | URL: / | Status: 404 | Response Time: 0ms | Time Stamp: 3/11/2025, 10:57:33 PM
Method: POST | URL: /api/login | Status: 200 | Response Time: 0ms | Time Stamp: 3/11/2025, 11:07:22 PM
Method: GET | URL: /assigned-purchases | Status: 200 | Response Time: 0ms | Time Stamp: 3/11/2025, 11:07:22 PM
Method: GET | URL: / | Status: 200 | Response Time: 0ms | Time Stamp: 3/11/2025, 11:07:22 PM
Method: GET | URL: /assigned-purchases | Status: 304 | Response Time: 0ms | Time Stamp: 3/11/2025, 11:07:22 PM
Method: GET | URL: / | Status: 304 | Response Time: 0ms | Time Stamp: 3/11/2025, 11:07:22 PM
Method: POST | URL: /api/signup | Status: 201 | Response Time: 0ms | Time Stamp: 3/11/2025, 11:08:46 PM
Method: GET | URL: /products | Status: 200 | Response Time: 0ms | Time Stamp: 3/11/2025, 11:08:46 PM
Method: GET | URL: /products | Status: 304 | Response Time: 0ms | Time Stamp: 3/11/2025, 11:08:47 PM
Method: POST | URL: /api/login | Status: 200 | Response Time: 0ms | Time Stamp: 3/11/2025, 11:08:57 PM
Method: GET | URL: /products | Status: 200 | Response Time: 0ms | Time Stamp: 3/11/2025, 11:08:57 PM
Method: GET | URL: /products | Status: 304 | Response Time: 0ms | Time Stamp: 3/11/2025, 11:08:57 PM
Method: POST | URL: /api/login | Status: 200 | Response Time: 0ms | Time Stamp: 3/11/2025, 11:09:20 PM
Method: GET | URL: /assigned-purchases | Status: 200 | Response Time: 0ms | Time Stamp: 3/11/2025, 11:09:20 PM
Method: GET | URL: / | Status: 404 | Response Time: 0ms | Time Stamp: 3/11/2025, 11:09:20 PM
Method: GET | URL: /assigned-purchases | Status: 304 | Response Time: 0ms | Time Stamp: 3/11/2025, 11:09:21 PM
Method: GET | URL: / | Status: 404 | Response Time: 0ms | Time Stamp: 3/11/2025, 11:09:21 PM
Method: GET | URL: /assigned-purchases | Status: 304 | Response Time: 0ms | Time Stamp: 3/11/2025, 11:10:17 PM
Method: GET | URL: /get-details | Status: 404 | Response Time: 0ms | Time Stamp: 3/11/2025, 11:10:17 PM
Method: GET | URL: /assigned-purchases | Status: 304 | Response Time: 0ms | Time Stamp: 3/11/2025, 11:10:19 PM
Method: GET | URL: /get-details | Status: 404 | Response Time: 0ms | Time Stamp: 3/11/2025, 11:10:19 PM
Method: GET | URL: /assigned-purchases | Status: 304 | Response Time: 0ms | Time Stamp: 3/11/2025, 11:10:19 PM
Method: GET | URL: /get-details | Status: 404 | Response Time: 0ms | Time Stamp: 3/11/2025, 11:10:19 PM
Method: GET | URL: /assigned-purchases | Status: 304 | Response Time: 0ms | Time Stamp: 3/11/2025, 11:10:30 PM
Method: GET | URL: /get-details | Status: 404 | Response Time: 0ms | Time Stamp: 3/11/2025, 11:10:30 PM
Method: GET | URL: /assigned-purchases | Status: 304 | Response Time: 0ms | Time Stamp: 3/11/2025, 11:10:30 PM
Method: GET | URL: /get-details | Status: 404 | Response Time: 0ms | Time Stamp: 3/11/2025, 11:10:30 PM
Method: GET | URL: /api/distributor/get-details | Status: 404 | Response Time: 0ms | Time Stamp: 3/11/2025, 11:12:35 PM
Method: GET | URL: /assigned-purchases | Status: 401 | Response Time: 0ms | Time Stamp: 3/11/2025, 11:12:35 PM
Method: GET | URL: /api/distributor/get-details | Status: 404 | Response Time: 0ms | Time Stamp: 3/11/2025, 11:12:35 PM
Method: GET | URL: /assigned-purchases | Status: 401 | Response Time: 0ms | Time Stamp: 3/11/2025, 11:12:35 PM
Method: GET | URL: /assigned-purchases | Status: 401 | Response Time: 0ms | Time Stamp: 3/11/2025, 11:12:54 PM
Method: GET | URL: / | Status: 404 | Response Time: 0ms | Time Stamp: 3/11/2025, 11:12:54 PM
Method: GET | URL: /assigned-purchases | Status: 304 | Response Time: 0ms | Time Stamp: 3/11/2025, 11:12:56 PM
Method: GET | URL: / | Status: 404 | Response Time: 0ms | Time Stamp: 3/11/2025, 11:12:56 PM
Method: GET | URL: /assigned-purchases | Status: 304 | Response Time: 0ms | Time Stamp: 3/11/2025, 11:12:56 PM
Method: GET | URL: / | Status: 404 | Response Time: 0ms | Time Stamp: 3/11/2025, 11:12:56 PM
Method: GET | URL: /api/distributor/get-details | Status: 404 | Response Time: 0ms | Time Stamp: 3/11/2025, 11:16:29 PM
Method: GET | URL: / | Status: 401 | Response Time: 0ms | Time Stamp: 3/11/2025, 11:16:34 PM
Method: GET | URL: /assigned-purchases | Status: 401 | Response Time: 0ms | Time Stamp: 3/11/2025, 11:16:34 PM
Method: GET | URL: / | Status: 401 | Response Time: 0ms | Time Stamp: 3/11/2025, 11:16:34 PM
Method: GET | URL: /assigned-purchases | Status: 401 | Response Time: 0ms | Time Stamp: 3/11/2025, 11:16:34 PM
Method: GET | URL: / | Status: 401 | Response Time: 0ms | Time Stamp: 3/11/2025, 11:17:42 PM
Method: POST | URL: /api/login | Status: 200 | Response Time: 0ms | Time Stamp: 3/11/2025, 11:19:02 PM
Method: GET | URL: /assigned-purchases | Status: 304 | Response Time: 0ms | Time Stamp: 3/11/2025, 11:19:03 PM
Method: GET | URL: / | Status: 404 | Response Time: 0ms | Time Stamp: 3/11/2025, 11:19:03 PM
Method: GET | URL: /assigned-purchases | Status: 304 | Response Time: 0ms | Time Stamp: 3/11/2025, 11:19:03 PM
Method: GET | URL: / | Status: 404 | Response Time: 0ms | Time Stamp: 3/11/2025, 11:19:03 PM
Method: POST | URL: /api/login | Status: 200 | Response Time: 0ms | Time Stamp: 3/11/2025, 11:19:58 PM
Method: GET | URL: /assigned-purchases | Status: 304 | Response Time: 0ms | Time Stamp: 3/11/2025, 11:19:59 PM
Method: GET | URL: / | Status: 404 | Response Time: 0ms | Time Stamp: 3/11/2025, 11:19:59 PM
Method: GET | URL: /assigned-purchases | Status: 304 | Response Time: 0ms | Time Stamp: 3/11/2025, 11:19:59 PM
Method: GET | URL: / | Status: 404 | Response Time: 0ms | Time Stamp: 3/11/2025, 11:19:59 PM
Method: GET | URL: / | Status: 401 | Response Time: 0ms | Time Stamp: 3/11/2025, 11:21:05 PM
Method: GET | URL: /assigned-purchases | Status: 401 | Response Time: 0ms | Time Stamp: 3/11/2025, 11:21:05 PM
Method: GET | URL: / | Status: 401 | Response Time: 0ms | Time Stamp: 3/11/2025, 11:21:05 PM
Method: GET | URL: /assigned-purchases | Status: 401 | Response Time: 0ms | Time Stamp: 3/11/2025, 11:21:05 PM
Method: POST | URL: /api/login | Status: 200 | Response Time: 0ms | Time Stamp: 3/11/2025, 11:21:18 PM
Method: GET | URL: /assigned-purchases | Status: 304 | Response Time: 0ms | Time Stamp: 3/11/2025, 11:21:18 PM
Method: GET | URL: / | Status: 404 | Response Time: 0ms | Time Stamp: 3/11/2025, 11:21:18 PM
Method: GET | URL: /assigned-purchases | Status: 304 | Response Time: 0ms | Time Stamp: 3/11/2025, 11:21:18 PM
Method: GET | URL: / | Status: 404 | Response Time: 0ms | Time Stamp: 3/11/2025, 11:21:18 PM
Method: GET | URL: / | Status: 404 | Response Time: 0ms | Time Stamp: 3/11/2025, 11:21:44 PM
Method: GET | URL: /favicon.ico | Status: 404 | Response Time: 0ms | Time Stamp: 3/11/2025, 11:21:45 PM
Method: POST | URL: /api/login | Status: 200 | Response Time: 0ms | Time Stamp: 3/11/2025, 11:22:56 PM
Method: GET | URL: /assigned-purchases | Status: 304 | Response Time: 0ms | Time Stamp: 3/11/2025, 11:22:56 PM
Method: GET | URL: / | Status: 404 | Response Time: 0ms | Time Stamp: 3/11/2025, 11:22:56 PM
Method: GET | URL: /assigned-purchases | Status: 304 | Response Time: 0ms | Time Stamp: 3/11/2025, 11:22:56 PM
Method: GET | URL: / | Status: 404 | Response Time: 0ms | Time Stamp: 3/11/2025, 11:22:56 PM
Method: GET | URL: /assigned-purchases | Status: 401 | Response Time: 0ms | Time Stamp: 3/11/2025, 11:28:28 PM
Method: GET | URL: /assigned-purchases | Status: 401 | Response Time: 0ms | Time Stamp: 3/11/2025, 11:28:28 PM
Method: GET | URL: / | Status: 404 | Response Time: 0ms | Time Stamp: 3/11/2025, 11:28:28 PM
Method: GET | URL: / | Status: 404 | Response Time: 0ms | Time Stamp: 3/11/2025, 11:28:29 PM
Method: POST | URL: /api/login | Status: 200 | Response Time: 0ms | Time Stamp: 3/11/2025, 11:28:59 PM
Method: GET | URL: /assigned-purchases | Status: 304 | Response Time: 0ms | Time Stamp: 3/11/2025, 11:28:59 PM
Method: GET | URL: / | Status: 404 | Response Time: 0ms | Time Stamp: 3/11/2025, 11:28:59 PM
Method: GET | URL: /assigned-purchases | Status: 304 | Response Time: 0ms | Time Stamp: 3/11/2025, 11:28:59 PM
Method: GET | URL: / | Status: 404 | Response Time: 0ms | Time Stamp: 3/11/2025, 11:28:59 PM
Method: POST | URL: /api/signup | Status: 201 | Response Time: 0ms | Time Stamp: 3/11/2025, 11:30:24 PM
Method: GET | URL: /assigned-purchases | Status: 304 | Response Time: 0ms | Time Stamp: 3/11/2025, 11:30:24 PM
Method: GET | URL: / | Status: 404 | Response Time: 0ms | Time Stamp: 3/11/2025, 11:30:24 PM
Method: GET | URL: /assigned-purchases | Status: 304 | Response Time: 0ms | Time Stamp: 3/11/2025, 11:30:24 PM
Method: GET | URL: / | Status: 404 | Response Time: 0ms | Time Stamp: 3/11/2025, 11:30:24 PM
Method: GET | URL: /assigned-purchases | Status: 304 | Response Time: 0ms | Time Stamp: 3/11/2025, 11:31:22 PM
Method: GET | URL: / | Status: 404 | Response Time: 0ms | Time Stamp: 3/11/2025, 11:31:22 PM
Method: GET | URL: /assigned-purchases | Status: 304 | Response Time: 0ms | Time Stamp: 3/11/2025, 11:31:27 PM
Method: GET | URL: / | Status: 404 | Response Time: 0ms | Time Stamp: 3/11/2025, 11:31:27 PM
Method: POST | URL: /api/login | Status: 200 | Response Time: 0ms | Time Stamp: 3/11/2025, 11:33:17 PM
Method: GET | URL: /assigned-purchases | Status: 304 | Response Time: 0ms | Time Stamp: 3/11/2025, 11:33:17 PM
Method: GET | URL: / | Status: 404 | Response Time: 0ms | Time Stamp: 3/11/2025, 11:33:17 PM
Method: GET | URL: /assigned-purchases | Status: 304 | Response Time: 0ms | Time Stamp: 3/11/2025, 11:33:18 PM
Method: GET | URL: / | Status: 404 | Response Time: 0ms | Time Stamp: 3/11/2025, 11:33:18 PM
Method: GET | URL: /assigned-purchases | Status: 401 | Response Time: 0ms | Time Stamp: 3/11/2025, 11:39:38 PM
Method: GET | URL: /assigned-purchases | Status: 401 | Response Time: 0ms | Time Stamp: 3/11/2025, 11:39:38 PM
Method: GET | URL: / | Status: 404 | Response Time: 0ms | Time Stamp: 3/11/2025, 11:39:38 PM
Method: GET | URL: / | Status: 404 | Response Time: 0ms | Time Stamp: 3/11/2025, 11:39:38 PM
Method: POST | URL: /api/login | Status: 200 | Response Time: 0ms | Time Stamp: 3/11/2025, 11:42:50 PM
Method: GET | URL: /assigned-purchases | Status: 304 | Response Time: 0ms | Time Stamp: 3/11/2025, 11:42:51 PM
Method: GET | URL: / | Status: 404 | Response Time: 0ms | Time Stamp: 3/11/2025, 11:42:51 PM
Method: GET | URL: /assigned-purchases | Status: 304 | Response Time: 0ms | Time Stamp: 3/11/2025, 11:42:51 PM
Method: GET | URL: / | Status: 404 | Response Time: 0ms | Time Stamp: 3/11/2025, 11:42:51 PM
Method: GET | URL: /test | Status: 200 | Response Time: 0ms | Time Stamp: 3/11/2025, 11:45:20 PM
Method: GET | URL: / | Status: 401 | Response Time: 0ms | Time Stamp: 3/11/2025, 11:46:17 PM
Method: GET | URL: /test | Status: 401 | Response Time: 0ms | Time Stamp: 3/11/2025, 11:47:21 PM
Method: GET | URL: / | Status: 401 | Response Time: 0ms | Time Stamp: 3/11/2025, 11:47:38 PM
Method: GET | URL: /test | Status: 200 | Response Time: 0ms | Time Stamp: 3/11/2025, 11:47:48 PM
Method: GET | URL: / | Status: 401 | Response Time: 0ms | Time Stamp: 3/11/2025, 11:48:58 PM
Method: GET | URL: /api/distributor/assigned-purchases | Status: 404 | Response Time: 0ms | Time Stamp: 3/11/2025, 11:48:58 PM
Method: GET | URL: / | Status: 401 | Response Time: 0ms | Time Stamp: 3/11/2025, 11:48:58 PM
Method: GET | URL: /api/distributor/assigned-purchases | Status: 404 | Response Time: 0ms | Time Stamp: 3/11/2025, 11:48:58 PM
Method: POST | URL: /api/login | Status: 200 | Response Time: 0ms | Time Stamp: 3/11/2025, 11:49:27 PM
Method: GET | URL: /api/distributor/assigned-purchases | Status: 404 | Response Time: 0ms | Time Stamp: 3/11/2025, 11:49:27 PM
Method: GET | URL: /api/distributor/assigned-purchases | Status: 404 | Response Time: 0ms | Time Stamp: 3/11/2025, 11:49:27 PM
Method: GET | URL: / | Status: 404 | Response Time: 0ms | Time Stamp: 3/11/2025, 11:49:27 PM
Method: GET | URL: / | Status: 404 | Response Time: 0ms | Time Stamp: 3/11/2025, 11:49:27 PM
Method: GET | URL: / | Status: 401 | Response Time: 0ms | Time Stamp: 3/11/2025, 11:50:43 PM
Method: GET | URL: /api/distributor/assigned-purchases | Status: 404 | Response Time: 0ms | Time Stamp: 3/11/2025, 11:50:43 PM
Method: GET | URL: / | Status: 401 | Response Time: 0ms | Time Stamp: 3/11/2025, 11:50:43 PM
Method: GET | URL: /api/distributor/assigned-purchases | Status: 404 | Response Time: 0ms | Time Stamp: 3/11/2025, 11:50:43 PM
Method: POST | URL: /api/login | Status: 200 | Response Time: 0ms | Time Stamp: 3/11/2025, 11:50:59 PM
Method: GET | URL: /api/distributor/assigned-purchases | Status: 404 | Response Time: 0ms | Time Stamp: 3/11/2025, 11:50:59 PM
Method: GET | URL: /api/distributor/assigned-purchases | Status: 404 | Response Time: 0ms | Time Stamp: 3/11/2025, 11:50:59 PM
Method: GET | URL: / | Status: 404 | Response Time: 0ms | Time Stamp: 3/11/2025, 11:50:59 PM
Method: GET | URL: / | Status: 404 | Response Time: 0ms | Time Stamp: 3/11/2025, 11:50:59 PM
Method: GET | URL: /assigned-purchases | Status: 401 | Response Time: 0ms | Time Stamp: 3/11/2025, 11:51:29 PM
Method: GET | URL: /assigned-purchases | Status: 401 | Response Time: 0ms | Time Stamp: 3/11/2025, 11:51:29 PM
Method: GET | URL: / | Status: 404 | Response Time: 0ms | Time Stamp: 3/11/2025, 11:51:29 PM
Method: GET | URL: / | Status: 404 | Response Time: 0ms | Time Stamp: 3/11/2025, 11:51:29 PM
Method: POST | URL: /api/login | Status: 200 | Response Time: 0ms | Time Stamp: 3/11/2025, 11:51:44 PM
Method: GET | URL: /assigned-purchases | Status: 200 | Response Time: 0ms | Time Stamp: 3/11/2025, 11:51:44 PM
Method: GET | URL: / | Status: 404 | Response Time: 0ms | Time Stamp: 3/11/2025, 11:51:44 PM
Method: GET | URL: /assigned-purchases | Status: 304 | Response Time: 0ms | Time Stamp: 3/11/2025, 11:51:44 PM
Method: GET | URL: / | Status: 404 | Response Time: 0ms | Time Stamp: 3/11/2025, 11:51:44 PM
Method: GET | URL: /assigned-purchases | Status: 401 | Response Time: 0ms | Time Stamp: 3/11/2025, 11:53:07 PM
Method: GET | URL: /assigned-purchases | Status: 401 | Response Time: 0ms | Time Stamp: 3/11/2025, 11:53:07 PM
Method: GET | URL: / | Status: 404 | Response Time: 0ms | Time Stamp: 3/11/2025, 11:53:07 PM
Method: GET | URL: / | Status: 404 | Response Time: 0ms | Time Stamp: 3/11/2025, 11:53:07 PM
Method: POST | URL: /api/login | Status: 200 | Response Time: 0ms | Time Stamp: 3/11/2025, 11:56:42 PM
Method: POST | URL: /api/login | Status: 200 | Response Time: 0ms | Time Stamp: 3/12/2025, 12:01:19 AM
Method: POST | URL: /api/signup | Status: 500 | Response Time: 0ms | Time Stamp: 3/12/2025, 12:06:11 AM
Method: POST | URL: /api/login | Status: 200 | Response Time: 0ms | Time Stamp: 3/12/2025, 12:06:16 AM
Method: POST | URL: /api/signup | Status: 201 | Response Time: 0ms | Time Stamp: 3/12/2025, 12:10:18 AM
Method: POST | URL: /api/login | Status: 200 | Response Time: 0ms | Time Stamp: 3/12/2025, 12:14:02 AM
Method: POST | URL: /api/signup | Status: 500 | Response Time: 0ms | Time Stamp: 3/12/2025, 12:15:11 AM
Method: POST | URL: /api/signup | Status: 500 | Response Time: 0ms | Time Stamp: 3/12/2025, 12:15:11 AM
Method: POST | URL: /api/login | Status: 401 | Response Time: 0ms | Time Stamp: 3/12/2025, 12:15:15 AM
Method: POST | URL: /api/signup | Status: 500 | Response Time: 0ms | Time Stamp: 3/12/2025, 12:15:15 AM
Method: POST | URL: /api/login | Status: 200 | Response Time: 0ms | Time Stamp: 3/12/2025, 12:15:34 AM
Method: POST | URL: /api/login | Status: 200 | Response Time: 0ms | Time Stamp: 3/12/2025, 12:16:36 AM
Method: POST | URL: /api/login | Status: 200 | Response Time: 0ms | Time Stamp: 3/12/2025, 12:16:45 AM
Method: POST | URL: /api/login | Status: 200 | Response Time: 0ms | Time Stamp: 3/12/2025, 12:17:52 AM
Method: POST | URL: /api/login | Status: 200 | Response Time: 0ms | Time Stamp: 3/12/2025, 12:18:09 AM
