Method: POST | URL: /api/login | Status: 200 | Response Time: 0ms | Time Stamp: 16/3/2025, 1:19:44 pm
Method: POST | URL: /api/login | Status: 200 | Response Time: 0ms | Time Stamp: 16/3/2025, 1:34:44 pm
Method: POST | URL: /api/login | Status: 200 | Response Time: 0ms | Time Stamp: 16/3/2025, 1:36:05 pm
Method: GET | URL: /api/customer/uploads/1742112348906-profilePicture.jpg | Status: 404 | Response Time: 0ms | Time Stamp: 16/3/2025, 1:36:05 pm
Method: POST | URL: /api/login | Status: 200 | Response Time: 0ms | Time Stamp: 16/3/2025, 3:08:23 pm
Method: GET | URL: /api/customer/uploads/1742112348906-profilePicture.jpg | Status: 404 | Response Time: 0ms | Time Stamp: 16/3/2025, 3:08:24 pm
Method: POST | URL: /api/login | Status: 200 | Response Time: 0ms | Time Stamp: 16/3/2025, 3:16:40 pm
Method: POST | URL: /api/login | Status: 200 | Response Time: 0ms | Time Stamp: 16/3/2025, 3:17:05 pm
Method: GET | URL: /uploads/1742118409077-profilePicture.jpg | Status: 404 | Response Time: 0ms | Time Stamp: 16/3/2025, 3:17:36 pm
Method: GET | URL: /uploads/1742118409077-profilePicture.jpg | Status: 404 | Response Time: 0ms | Time Stamp: 16/3/2025, 3:21:55 pm
Method: POST | URL: /api/login | Status: 401 | Response Time: 0ms | Time Stamp: 16/3/2025, 3:23:51 pm
Method: POST | URL: /api/login | Status: 200 | Response Time: 0ms | Time Stamp: 16/3/2025, 3:24:01 pm
Method: POST | URL: /api/login | Status: 200 | Response Time: 0ms | Time Stamp: 16/3/2025, 3:24:17 pm
Method: POST | URL: /api/login | Status: 200 | Response Time: 0ms | Time Stamp: 16/3/2025, 3:25:13 pm
Method: POST | URL: /api/login | Status: 200 | Response Time: 0ms | Time Stamp: 16/3/2025, 3:25:57 pm
Method: POST | URL: /api/login | Status: 200 | Response Time: 0ms | Time Stamp: 16/3/2025, 3:26:09 pm
Method: POST | URL: /api/login | Status: 200 | Response Time: 0ms | Time Stamp: 16/3/2025, 3:26:33 pm
Method: POST | URL: /api/login | Status: 200 | Response Time: 0ms | Time Stamp: 16/3/2025, 3:28:00 pm
Method: POST | URL: /api/login | Status: 200 | Response Time: 0ms | Time Stamp: 16/3/2025, 3:35:04 pm
Method: POST | URL: /api/login | Status: 200 | Response Time: 0ms | Time Stamp: 16/3/2025, 3:35:05 pm
Method: POST | URL: /api/login | Status: 200 | Response Time: 0ms | Time Stamp: 16/3/2025, 3:57:27 pm
Method: POST | URL: /api/login | Status: 200 | Response Time: 0ms | Time Stamp: 16/3/2025, 4:04:07 pm
Method: GET | URL: //uploads/1742121261977-profilePicture.jpeg | Status: 404 | Response Time: 0ms | Time Stamp: 16/3/2025, 4:06:48 pm
Method: POST | URL: /api/login | Status: 200 | Response Time: 0ms | Time Stamp: 16/3/2025, 4:06:57 pm
Method: GET | URL: //uploads/1742121261977-profilePicture.jpeg | Status: 404 | Response Time: 0ms | Time Stamp: 16/3/2025, 4:07:13 pm
Method: GET | URL: //uploads/1742121261977-profilePicture.jpeg | Status: 404 | Response Time: 0ms | Time Stamp: 16/3/2025, 4:11:04 pm
Method: POST | URL: /api/login | Status: 200 | Response Time: 0ms | Time Stamp: 16/3/2025, 4:17:56 pm
Method: POST | URL: /api/login | Status: 200 | Response Time: 0ms | Time Stamp: 16/3/2025, 4:20:24 pm
Method: POST | URL: /api/login | Status: 200 | Response Time: 0ms | Time Stamp: 16/3/2025, 4:21:15 pm
Method: GET | URL: /uploads/1710598328943-profilePicture.jpg | Status: 404 | Response Time: 0ms | Time Stamp: 16/3/2025, 4:24:52 pm
Method: GET | URL: /favicon.ico | Status: 404 | Response Time: 0ms | Time Stamp: 16/3/2025, 4:25:13 pm
Method: GET | URL: /favicon.ico | Status: 404 | Response Time: 0ms | Time Stamp: 16/3/2025, 4:30:54 pm
Method: POST | URL: /api/login | Status: 200 | Response Time: 0ms | Time Stamp: 16/3/2025, 4:31:54 pm
Method: POST | URL: /api/login | Status: 200 | Response Time: 0ms | Time Stamp: 16/3/2025, 4:32:38 pm
Method: POST | URL: /api/login | Status: 200 | Response Time: 0ms | Time Stamp: 16/3/2025, 4:54:50 pm
Method: POST | URL: /api/login | Status: 200 | Response Time: 0ms | Time Stamp: 16/3/2025, 4:55:33 pm
Method: POST | URL: /api/login | Status: 200 | Response Time: 0ms | Time Stamp: 16/3/2025, 4:56:33 pm
Method: POST | URL: /api/login | Status: 200 | Response Time: 0ms | Time Stamp: 16/3/2025, 5:12:12 pm
Method: POST | URL: /api/login | Status: 200 | Response Time: 0ms | Time Stamp: 16/3/2025, 5:12:22 pm
Method: POST | URL: /api/login | Status: 200 | Response Time: 0ms | Time Stamp: 16/3/2025, 5:13:04 pm
Method: POST | URL: /api/signup | Status: 201 | Response Time: 0ms | Time Stamp: 16/3/2025, 5:23:40 pm
Method: POST | URL: /api/login | Status: 200 | Response Time: 0ms | Time Stamp: 16/3/2025, 5:23:47 pm
Method: POST | URL: /api/login | Status: 200 | Response Time: 0ms | Time Stamp: 16/3/2025, 5:25:02 pm
Method: POST | URL: /api/login | Status: 200 | Response Time: 0ms | Time Stamp: 16/3/2025, 5:25:14 pm
Method: POST | URL: /api/signup | Status: 201 | Response Time: 0ms | Time Stamp: 16/3/2025, 5:25:41 pm
Method: POST | URL: /api/login | Status: 200 | Response Time: 0ms | Time Stamp: 16/3/2025, 5:26:11 pm
Method: POST | URL: /api/login | Status: 200 | Response Time: 0ms | Time Stamp: 16/3/2025, 5:37:37 pm
Method: POST | URL: /api/login | Status: 200 | Response Time: 0ms | Time Stamp: 16/3/2025, 5:38:42 pm
Method: POST | URL: /api/login | Status: 200 | Response Time: 0ms | Time Stamp: 16/3/2025, 5:39:07 pm
Method: POST | URL: /api/login | Status: 200 | Response Time: 0ms | Time Stamp: 16/3/2025, 5:39:21 pm
Method: POST | URL: /api/login | Status: 200 | Response Time: 0ms | Time Stamp: 16/3/2025, 5:39:41 pm
Method: POST | URL: /api/login | Status: 200 | Response Time: 0ms | Time Stamp: 16/3/2025, 5:51:02 pm
Method: POST | URL: /api/login | Status: 200 | Response Time: 0ms | Time Stamp: 16/3/2025, 6:22:01 pm
Method: POST | URL: /api/login | Status: 200 | Response Time: 0ms | Time Stamp: 16/3/2025, 6:22:26 pm
Method: POST | URL: /api/login | Status: 200 | Response Time: 0ms | Time Stamp: 16/3/2025, 6:23:26 pm
Method: POST | URL: /api/login | Status: 200 | Response Time: 0ms | Time Stamp: 16/3/2025, 6:29:04 pm
Method: POST | URL: /api/login | Status: 200 | Response Time: 0ms | Time Stamp: 16/3/2025, 6:33:23 pm
Method: POST | URL: /api/login | Status: 200 | Response Time: 0ms | Time Stamp: 16/3/2025, 6:47:04 pm
Method: POST | URL: /api/login | Status: 200 | Response Time: 0ms | Time Stamp: 16/3/2025, 6:49:33 pm
Method: POST | URL: /api/login | Status: 200 | Response Time: 0ms | Time Stamp: 16/3/2025, 6:54:34 pm
Method: POST | URL: /api/vendor/ | Status: 404 | Response Time: 0ms | Time Stamp: 16/3/2025, 6:54:59 pm
Method: POST | URL: /api/login | Status: 200 | Response Time: 0ms | Time Stamp: 16/3/2025, 6:57:57 pm
Method: POST | URL: /api/login | Status: 200 | Response Time: 0ms | Time Stamp: 16/3/2025, 7:02:48 pm
Method: POST | URL: /api/vendor/vendor/update-profile | Status: 404 | Response Time: 0ms | Time Stamp: 16/3/2025, 7:03:14 pm
Method: POST | URL: /api/login | Status: 200 | Response Time: 0ms | Time Stamp: 16/3/2025, 7:03:53 pm
Method: POST | URL: /api/vendor/vendor/update-profile | Status: 404 | Response Time: 0ms | Time Stamp: 16/3/2025, 7:04:12 pm
Method: POST | URL: /api/login | Status: 200 | Response Time: 0ms | Time Stamp: 16/3/2025, 7:10:38 pm
Method: POST | URL: /api/login | Status: 200 | Response Time: 0ms | Time Stamp: 16/3/2025, 7:11:00 pm
Method: POST | URL: /api/login | Status: 200 | Response Time: 0ms | Time Stamp: 16/3/2025, 7:11:31 pm
Method: POST | URL: /api/login | Status: 200 | Response Time: 0ms | Time Stamp: 16/3/2025, 7:18:20 pm
Method: POST | URL: /api/login | Status: 200 | Response Time: 0ms | Time Stamp: 16/3/2025, 7:23:36 pm
Method: POST | URL: /api/login | Status: 200 | Response Time: 0ms | Time Stamp: 16/3/2025, 7:27:19 pm
Method: POST | URL: /api/login | Status: 200 | Response Time: 0ms | Time Stamp: 16/3/2025, 7:30:35 pm
Method: POST | URL: /api/login | Status: 200 | Response Time: 0ms | Time Stamp: 16/3/2025, 7:39:53 pm
Method: POST | URL: /api/login | Status: 200 | Response Time: 0ms | Time Stamp: 16/3/2025, 7:44:43 pm
Method: POST | URL: /api/login | Status: 200 | Response Time: 0ms | Time Stamp: 16/3/2025, 9:31:24 pm
Method: POST | URL: /api/login | Status: 200 | Response Time: 0ms | Time Stamp: 16/3/2025, 9:45:17 pm
Method: POST | URL: /api/login | Status: 200 | Response Time: 0ms | Time Stamp: 16/3/2025, 9:46:32 pm
Method: POST | URL: /api/login | Status: 200 | Response Time: 0ms | Time Stamp: 16/3/2025, 9:47:06 pm
Method: POST | URL: /api/login | Status: 200 | Response Time: 0ms | Time Stamp: 16/3/2025, 9:47:23 pm
Method: POST | URL: /api/login | Status: 200 | Response Time: 0ms | Time Stamp: 16/3/2025, 9:47:36 pm
Method: POST | URL: /api/login | Status: 200 | Response Time: 0ms | Time Stamp: 16/3/2025, 9:48:15 pm
Method: POST | URL: /api/login | Status: 200 | Response Time: 0ms | Time Stamp: 16/3/2025, 9:49:03 pm
Method: POST | URL: /api/login | Status: 200 | Response Time: 0ms | Time Stamp: 16/3/2025, 10:18:57 pm
Method: POST | URL: /api/login | Status: 200 | Response Time: 0ms | Time Stamp: 16/3/2025, 10:20:32 pm
Method: POST | URL: /api/login | Status: 200 | Response Time: 0ms | Time Stamp: 16/3/2025, 11:59:34 pm
Method: POST | URL: /api/login | Status: 200 | Response Time: 0ms | Time Stamp: 17/3/2025, 12:00:38 am
Method: POST | URL: /api/login | Status: 200 | Response Time: 0ms | Time Stamp: 17/3/2025, 12:01:09 am
Method: POST | URL: /api/login | Status: 200 | Response Time: 0ms | Time Stamp: 17/3/2025, 12:03:53 am
Method: POST | URL: /api/login | Status: 200 | Response Time: 0ms | Time Stamp: 17/3/2025, 12:18:17 am
Method: POST | URL: /api/login | Status: 200 | Response Time: 0ms | Time Stamp: 17/3/2025, 12:34:20 am
Method: POST | URL: /api/login | Status: 200 | Response Time: 0ms | Time Stamp: 17/3/2025, 12:35:07 am
