Method: POST | URL: /api/login | Status: 200 | Response Time: 0ms | Time Stamp: 15/3/2025, 2:04:07 pm
Method: POST | URL: /api/signup | Status: 201 | Response Time: 0ms | Time Stamp: 15/3/2025, 2:10:12 pm
Method: POST | URL: /api/login | Status: 200 | Response Time: 0ms | Time Stamp: 15/3/2025, 2:11:40 pm
Method: POST | URL: /api/login | Status: 200 | Response Time: 0ms | Time Stamp: 15/3/2025, 2:12:35 pm
Method: POST | URL: /api/login | Status: 200 | Response Time: 0ms | Time Stamp: 15/3/2025, 2:13:34 pm
Method: POST | URL: /api/login | Status: 200 | Response Time: 0ms | Time Stamp: 15/3/2025, 2:14:20 pm
Method: POST | URL: /api/login | Status: 200 | Response Time: 0ms | Time Stamp: 15/3/2025, 2:14:34 pm
Method: POST | URL: /api/login | Status: 200 | Response Time: 0ms | Time Stamp: 15/3/2025, 2:16:55 pm
Method: POST | URL: /api/login | Status: 200 | Response Time: 0ms | Time Stamp: 15/3/2025, 2:20:18 pm
Method: POST | URL: /api/login | Status: 200 | Response Time: 0ms | Time Stamp: 15/3/2025, 2:21:31 pm
Method: POST | URL: /api/login | Status: 200 | Response Time: 0ms | Time Stamp: 15/3/2025, 2:26:43 pm
Method: POST | URL: /api/login | Status: 200 | Response Time: 0ms | Time Stamp: 15/3/2025, 2:29:46 pm
Method: POST | URL: /api/login | Status: 200 | Response Time: 0ms | Time Stamp: 15/3/2025, 2:30:45 pm
Method: POST | URL: /api/login | Status: 200 | Response Time: 0ms | Time Stamp: 15/3/2025, 2:31:14 pm
Method: POST | URL: /api/login | Status: 200 | Response Time: 0ms | Time Stamp: 15/3/2025, 2:31:28 pm
Method: POST | URL: /api/login | Status: 200 | Response Time: 0ms | Time Stamp: 15/3/2025, 2:32:07 pm
Method: POST | URL: /api/login | Status: 200 | Response Time: 0ms | Time Stamp: 15/3/2025, 3:37:48 pm
Method: POST | URL: /api/login | Status: 200 | Response Time: 0ms | Time Stamp: 15/3/2025, 3:38:31 pm
Method: POST | URL: /api/login | Status: 200 | Response Time: 0ms | Time Stamp: 15/3/2025, 3:40:33 pm
Method: POST | URL: /api/login | Status: 200 | Response Time: 0ms | Time Stamp: 15/3/2025, 3:45:02 pm
Method: POST | URL: /api/login | Status: 200 | Response Time: 0ms | Time Stamp: 15/3/2025, 3:45:16 pm
Method: POST | URL: /api/login | Status: 200 | Response Time: 0ms | Time Stamp: 15/3/2025, 3:45:27 pm
Method: POST | URL: /api/login | Status: 200 | Response Time: 0ms | Time Stamp: 15/3/2025, 3:50:56 pm
Method: POST | URL: /api/login | Status: 200 | Response Time: 0ms | Time Stamp: 15/3/2025, 4:02:30 pm
Method: POST | URL: /api/login | Status: 200 | Response Time: 0ms | Time Stamp: 15/3/2025, 4:04:05 pm
Method: POST | URL: /api/login | Status: 200 | Response Time: 0ms | Time Stamp: 15/3/2025, 4:06:56 pm
Method: POST | URL: /api/login | Status: 200 | Response Time: 0ms | Time Stamp: 15/3/2025, 4:22:35 pm
Method: POST | URL: /api/login | Status: 200 | Response Time: 0ms | Time Stamp: 15/3/2025, 4:48:24 pm
Method: POST | URL: /api/login | Status: 200 | Response Time: 0ms | Time Stamp: 15/3/2025, 4:50:23 pm
Method: POST | URL: /api/login | Status: 200 | Response Time: 0ms | Time Stamp: 15/3/2025, 4:54:35 pm
Method: POST | URL: /api/login | Status: 200 | Response Time: 0ms | Time Stamp: 15/3/2025, 4:56:45 pm
Method: POST | URL: /api/login | Status: 200 | Response Time: 0ms | Time Stamp: 15/3/2025, 5:19:08 pm
Method: POST | URL: /api/login | Status: 200 | Response Time: 0ms | Time Stamp: 15/3/2025, 5:20:11 pm
Method: POST | URL: /api/login | Status: 200 | Response Time: 0ms | Time Stamp: 15/3/2025, 5:20:41 pm
Method: POST | URL: /api/login | Status: 200 | Response Time: 0ms | Time Stamp: 15/3/2025, 5:21:19 pm
Method: POST | URL: /api/login | Status: 200 | Response Time: 0ms | Time Stamp: 15/3/2025, 5:29:12 pm
Method: POST | URL: /api/login | Status: 200 | Response Time: 0ms | Time Stamp: 15/3/2025, 5:29:52 pm
Method: POST | URL: /api/login | Status: 200 | Response Time: 0ms | Time Stamp: 15/3/2025, 5:30:16 pm
Method: POST | URL: /api/login | Status: 200 | Response Time: 0ms | Time Stamp: 15/3/2025, 5:31:19 pm
Method: POST | URL: /api/login | Status: 200 | Response Time: 0ms | Time Stamp: 15/3/2025, 5:31:47 pm
Method: POST | URL: /api/login | Status: 200 | Response Time: 0ms | Time Stamp: 15/3/2025, 6:31:55 pm
Method: POST | URL: /api/login | Status: 200 | Response Time: 0ms | Time Stamp: 15/3/2025, 6:32:18 pm
Method: POST | URL: /api/login | Status: 200 | Response Time: 0ms | Time Stamp: 15/3/2025, 6:33:51 pm
Method: POST | URL: /api/login | Status: 200 | Response Time: 0ms | Time Stamp: 15/3/2025, 6:34:10 pm
Method: POST | URL: /api/login | Status: 200 | Response Time: 0ms | Time Stamp: 15/3/2025, 6:35:28 pm
Method: POST | URL: /api/login | Status: 200 | Response Time: 0ms | Time Stamp: 15/3/2025, 6:35:48 pm
Method: POST | URL: /api/login | Status: 200 | Response Time: 0ms | Time Stamp: 15/3/2025, 6:36:02 pm
Method: POST | URL: /api/login | Status: 200 | Response Time: 0ms | Time Stamp: 15/3/2025, 6:36:14 pm
Method: POST | URL: /api/login | Status: 200 | Response Time: 0ms | Time Stamp: 15/3/2025, 6:36:25 pm
Method: POST | URL: /api/login | Status: 200 | Response Time: 0ms | Time Stamp: 15/3/2025, 6:36:56 pm
Method: POST | URL: /api/login | Status: 200 | Response Time: 0ms | Time Stamp: 15/3/2025, 6:37:34 pm
Method: POST | URL: /api/login | Status: 200 | Response Time: 0ms | Time Stamp: 15/3/2025, 6:38:30 pm
Method: POST | URL: /api/login | Status: 200 | Response Time: 0ms | Time Stamp: 15/3/2025, 6:39:04 pm
Method: POST | URL: /api/login | Status: 200 | Response Time: 0ms | Time Stamp: 15/3/2025, 6:44:24 pm
Method: POST | URL: /api/login | Status: 200 | Response Time: 0ms | Time Stamp: 15/3/2025, 7:03:33 pm
Method: POST | URL: /api/login | Status: 500 | Response Time: 0ms | Time Stamp: 15/3/2025, 7:04:21 pm
Method: POST | URL: /api/login | Status: 200 | Response Time: 0ms | Time Stamp: 15/3/2025, 7:04:51 pm
Method: POST | URL: /api/login | Status: 200 | Response Time: 0ms | Time Stamp: 15/3/2025, 7:18:01 pm
Method: POST | URL: /api/login | Status: 200 | Response Time: 0ms | Time Stamp: 15/3/2025, 7:18:43 pm
Method: POST | URL: /api/login | Status: 200 | Response Time: 0ms | Time Stamp: 15/3/2025, 7:18:50 pm
Method: POST | URL: /api/login | Status: 200 | Response Time: 0ms | Time Stamp: 15/3/2025, 7:19:03 pm
Method: POST | URL: /api/login | Status: 200 | Response Time: 0ms | Time Stamp: 15/3/2025, 7:23:27 pm
Method: POST | URL: /api/login | Status: 200 | Response Time: 0ms | Time Stamp: 15/3/2025, 7:24:23 pm
Method: POST | URL: /api/login | Status: 200 | Response Time: 0ms | Time Stamp: 15/3/2025, 7:24:40 pm
Method: POST | URL: /api/login | Status: 200 | Response Time: 0ms | Time Stamp: 15/3/2025, 10:51:09 pm
Method: POST | URL: /api/login | Status: 200 | Response Time: 0ms | Time Stamp: 15/3/2025, 11:06:28 pm
Method: POST | URL: /api/login | Status: 200 | Response Time: 0ms | Time Stamp: 15/3/2025, 11:20:04 pm
Method: POST | URL: /api/login | Status: 200 | Response Time: 0ms | Time Stamp: 15/3/2025, 11:22:55 pm
Method: POST | URL: /api/login | Status: 200 | Response Time: 0ms | Time Stamp: 15/3/2025, 11:34:07 pm
Method: POST | URL: /api/login | Status: 200 | Response Time: 0ms | Time Stamp: 15/3/2025, 11:34:51 pm
Method: POST | URL: /api/login | Status: 200 | Response Time: 0ms | Time Stamp: 15/3/2025, 11:35:45 pm
Method: POST | URL: /api/signup | Status: 409 | Response Time: 0ms | Time Stamp: 15/3/2025, 11:36:58 pm
Method: POST | URL: /api/signup | Status: 409 | Response Time: 0ms | Time Stamp: 15/3/2025, 11:37:07 pm
Method: POST | URL: /api/signup | Status: 201 | Response Time: 0ms | Time Stamp: 15/3/2025, 11:38:31 pm
Method: POST | URL: /api/signup | Status: 409 | Response Time: 0ms | Time Stamp: 15/3/2025, 11:39:06 pm
Method: POST | URL: /api/signup | Status: 409 | Response Time: 0ms | Time Stamp: 15/3/2025, 11:43:28 pm
Method: POST | URL: /api/signup | Status: 201 | Response Time: 0ms | Time Stamp: 15/3/2025, 11:44:49 pm
Method: POST | URL: /api/signup | Status: 201 | Response Time: 0ms | Time Stamp: 15/3/2025, 11:45:23 pm
Method: POST | URL: /api/login | Status: 200 | Response Time: 0ms | Time Stamp: 15/3/2025, 11:55:05 pm
Method: POST | URL: /api/signup | Status: 201 | Response Time: 0ms | Time Stamp: 15/3/2025, 11:55:28 pm
Method: POST | URL: /api/login | Status: 200 | Response Time: 0ms | Time Stamp: 15/3/2025, 11:56:36 pm
Method: POST | URL: /api/login | Status: 200 | Response Time: 0ms | Time Stamp: 16/3/2025, 12:02:51 am
Method: POST | URL: /api/login | Status: 200 | Response Time: 0ms | Time Stamp: 16/3/2025, 12:05:24 am
Method: POST | URL: /api/login | Status: 200 | Response Time: 0ms | Time Stamp: 16/3/2025, 12:06:01 am
Method: POST | URL: /api/login | Status: 200 | Response Time: 0ms | Time Stamp: 16/3/2025, 12:06:04 am
Method: POST | URL: /api/login | Status: 200 | Response Time: 0ms | Time Stamp: 16/3/2025, 12:07:12 am
Method: POST | URL: /api/login | Status: 500 | Response Time: 0ms | Time Stamp: 16/3/2025, 12:07:24 am
Method: POST | URL: /api/signup | Status: 201 | Response Time: 0ms | Time Stamp: 16/3/2025, 12:10:02 am
Method: POST | URL: /api/login | Status: 200 | Response Time: 0ms | Time Stamp: 16/3/2025, 12:10:12 am
Method: POST | URL: /api/signup | Status: 201 | Response Time: 0ms | Time Stamp: 16/3/2025, 12:13:01 am
Method: POST | URL: /api/login | Status: 200 | Response Time: 0ms | Time Stamp: 16/3/2025, 12:13:23 am
Method: POST | URL: /api/signup | Status: 201 | Response Time: 0ms | Time Stamp: 16/3/2025, 12:13:57 am
Method: POST | URL: /api/signup | Status: 500 | Response Time: 0ms | Time Stamp: 16/3/2025, 12:15:19 am
Method: POST | URL: /api/signup | Status: 201 | Response Time: 0ms | Time Stamp: 16/3/2025, 12:15:20 am
Method: GET | URL: /api/signup | Status: 404 | Response Time: 0ms | Time Stamp: 16/3/2025, 12:18:05 am
Method: POST | URL: /api/signup | Status: 201 | Response Time: 0ms | Time Stamp: 16/3/2025, 12:21:13 am
Method: POST | URL: /api/signup | Status: 409 | Response Time: 0ms | Time Stamp: 16/3/2025, 12:21:14 am
Method: POST | URL: /api/login | Status: 200 | Response Time: 0ms | Time Stamp: 16/3/2025, 12:22:25 am
Method: POST | URL: /api/signup | Status: 201 | Response Time: 0ms | Time Stamp: 16/3/2025, 12:23:05 am
Method: POST | URL: /api/login | Status: 200 | Response Time: 0ms | Time Stamp: 16/3/2025, 12:32:08 am
Method: POST | URL: /api/login | Status: 200 | Response Time: 0ms | Time Stamp: 16/3/2025, 12:34:39 am
Method: POST | URL: /api/login | Status: 200 | Response Time: 0ms | Time Stamp: 16/3/2025, 12:54:09 am
Method: POST | URL: /api/login | Status: 200 | Response Time: 0ms | Time Stamp: 16/3/2025, 1:02:08 am
Method: POST | URL: /api/login | Status: 200 | Response Time: 0ms | Time Stamp: 16/3/2025, 1:15:08 am
Method: POST | URL: /api/login | Status: 200 | Response Time: 0ms | Time Stamp: 16/3/2025, 1:16:00 am
Method: POST | URL: /api/login | Status: 200 | Response Time: 0ms | Time Stamp: 16/3/2025, 1:18:49 am
Method: POST | URL: /api/login | Status: 200 | Response Time: 0ms | Time Stamp: 16/3/2025, 1:20:10 am
Method: POST | URL: /api/login | Status: 200 | Response Time: 0ms | Time Stamp: 16/3/2025, 1:26:45 am
Method: POST | URL: /api/login | Status: 200 | Response Time: 0ms | Time Stamp: 16/3/2025, 1:28:10 am
Method: POST | URL: /api/login | Status: 200 | Response Time: 0ms | Time Stamp: 16/3/2025, 1:32:56 am
Method: POST | URL: /api/login | Status: 200 | Response Time: 0ms | Time Stamp: 16/3/2025, 1:38:57 am
Method: POST | URL: /api/login | Status: 401 | Response Time: 0ms | Time Stamp: 16/3/2025, 1:42:10 am
Method: POST | URL: /api/login | Status: 401 | Response Time: 0ms | Time Stamp: 16/3/2025, 1:42:20 am
Method: POST | URL: /api/login | Status: 200 | Response Time: 0ms | Time Stamp: 16/3/2025, 1:43:33 am
Method: POST | URL: /api/login | Status: 401 | Response Time: 0ms | Time Stamp: 16/3/2025, 1:44:17 am
Method: POST | URL: /api/login | Status: 200 | Response Time: 0ms | Time Stamp: 16/3/2025, 1:44:27 am
Method: POST | URL: /api/login | Status: 200 | Response Time: 0ms | Time Stamp: 16/3/2025, 2:02:30 am
Method: POST | URL: /api/login | Status: 200 | Response Time: 0ms | Time Stamp: 16/3/2025, 2:03:07 am
Method: POST | URL: /api/login | Status: 200 | Response Time: 0ms | Time Stamp: 16/3/2025, 2:06:51 am
Method: POST | URL: /api/login | Status: 200 | Response Time: 0ms | Time Stamp: 16/3/2025, 2:16:44 am
Method: POST | URL: /api/login | Status: 200 | Response Time: 0ms | Time Stamp: 16/3/2025, 2:23:58 am
Method: POST | URL: /api/login | Status: 200 | Response Time: 0ms | Time Stamp: 16/3/2025, 2:29:38 am
Method: POST | URL: /api/login | Status: 200 | Response Time: 0ms | Time Stamp: 16/3/2025, 2:29:55 am
Method: POST | URL: /api/login | Status: 200 | Response Time: 0ms | Time Stamp: 16/3/2025, 2:59:22 am
Method: POST | URL: /api/login | Status: 200 | Response Time: 0ms | Time Stamp: 16/3/2025, 3:02:26 am
Method: POST | URL: /api/login | Status: 200 | Response Time: 0ms | Time Stamp: 16/3/2025, 3:06:15 am
Method: POST | URL: /api/login | Status: 200 | Response Time: 0ms | Time Stamp: 16/3/2025, 3:09:04 am
Method: GET | URL: /api/customeruploads/a3127c2fab8be5bfbd74868972adccf0 | Status: 404 | Response Time: 0ms | Time Stamp: 16/3/2025, 3:16:35 am
Method: GET | URL: /api/customeruploads/4a3e5c27c986c0d99759585106547020 | Status: 404 | Response Time: 0ms | Time Stamp: 16/3/2025, 3:18:48 am
Method: POST | URL: /api/login | Status: 200 | Response Time: 0ms | Time Stamp: 16/3/2025, 3:18:58 am
