2025-03-11T06:39:52.321Z - {"timestamp":"2025-03-11T06:39:52.321Z","method":"GET","url":"/assigned-purchases","status":500,"body":{},"query":{},"params":{},"error":"{\"message\":\"Server error.\"}"}
2025-03-11T06:39:52.347Z - {"timestamp":"2025-03-11T06:39:52.347Z","method":"GET","url":"/assigned-purchases","status":500,"body":{},"query":{},"params":{},"error":"{\"message\":\"Server error.\"}"}
2025-03-11T06:43:53.651Z - {"timestamp":"2025-03-11T06:43:53.651Z","method":"GET","url":"/assigned-purchases","status":401,"body":{},"query":{},"params":{},"error":"{\"message\":\"Not authenticated.\"}"}
2025-03-11T06:43:53.751Z - {"timestamp":"2025-03-11T06:43:53.751Z","method":"GET","url":"/assigned-purchases","status":401,"body":{},"query":{},"params":{},"error":"{\"message\":\"Not authenticated.\"}"}
2025-03-11T06:45:14.939Z - {"timestamp":"2025-03-11T06:45:14.939Z","method":"POST","url":"/update-delivery-status","status":401,"body":{"purchaseId":"67cfcefa3f6e7b5b2f3ff253","status":"delivered"},"query":{},"params":{},"error":"{\"message\":\"Not authenticated.\"}"}
2025-03-11T08:20:16.140Z - {"timestamp":"2025-03-11T08:20:16.140Z","method":"GET","url":"/products","status":401,"body":{},"query":{},"params":{},"error":"{\"error\":\"User not authenticated\"}"}
2025-03-11T08:20:16.361Z - {"timestamp":"2025-03-11T08:20:16.361Z","method":"GET","url":"/products","status":401,"body":{},"query":{},"params":{},"error":"{\"error\":\"User not authenticated\"}"}
2025-03-11T08:21:02.459Z - {"timestamp":"2025-03-11T08:21:02.459Z","method":"GET","url":"/products","status":401,"body":{},"query":{},"params":{},"error":"{\"error\":\"User not authenticated\"}"}
2025-03-11T08:21:02.472Z - {"timestamp":"2025-03-11T08:21:02.472Z","method":"GET","url":"/products","status":401,"body":{},"query":{},"params":{},"error":"{\"error\":\"User not authenticated\"}"}
2025-03-11T12:35:58.784Z - {"timestamp":"2025-03-11T12:35:58.784Z","method":"GET","url":"/products","status":401,"body":{},"query":{},"params":{},"error":"{\"error\":\"User not authenticated\"}"}
2025-03-11T12:35:58.886Z - {"timestamp":"2025-03-11T12:35:58.886Z","method":"GET","url":"/products","status":401,"body":{},"query":{},"params":{},"error":"{\"error\":\"User not authenticated\"}"}
2025-03-11T12:58:54.679Z - {"timestamp":"2025-03-11T12:58:54.679Z","method":"POST","url":"/rate-distributor","status":404,"body":{"purchaseId":"67cfcefa3f6e7b5b2f3ff253","rating":3},"query":{},"params":{},"error":"{\"message\":\"Distributor not found.\"}"}
2025-03-11T12:59:24.409Z - {"timestamp":"2025-03-11T12:59:24.409Z","method":"POST","url":"/rate-distributor","status":404,"body":{"purchaseId":"67cfcfca3f6e7b5b2f3ff279","rating":3},"query":{},"params":{},"error":"{\"message\":\"Distributor not found.\"}"}
2025-03-11T13:12:09.754Z - {"timestamp":"2025-03-11T13:12:09.754Z","method":"GET","url":"/products","status":401,"body":{},"query":{},"params":{},"error":"{\"error\":\"User not authenticated\"}"}
2025-03-11T13:12:09.805Z - {"timestamp":"2025-03-11T13:12:09.805Z","method":"GET","url":"/products","status":401,"body":{},"query":{},"params":{},"error":"{\"error\":\"User not authenticated\"}"}
2025-03-11T13:14:48.447Z - {"timestamp":"2025-03-11T13:14:48.447Z","method":"POST","url":"/rate-distributor","status":404,"body":{"purchaseId":"67cfcefa3f6e7b5b2f3ff253","rating":4},"query":{},"params":{},"error":"{\"message\":\"Distributor not found.\"}"}
2025-03-11T13:15:43.343Z - {"timestamp":"2025-03-11T13:15:43.343Z","method":"POST","url":"/rate-distributor","status":404,"body":{"purchaseId":"67cfcefa3f6e7b5b2f3ff253","rating":4},"query":{},"params":{},"error":"{\"message\":\"Distributor not found.\"}"}
2025-03-11T13:16:23.670Z - {"timestamp":"2025-03-11T13:16:23.670Z","method":"GET","url":"/products","status":401,"body":{},"query":{},"params":{},"error":"{\"error\":\"User not authenticated\"}"}
2025-03-11T13:16:23.711Z - {"timestamp":"2025-03-11T13:16:23.710Z","method":"GET","url":"/products","status":401,"body":{},"query":{},"params":{},"error":"{\"error\":\"User not authenticated\"}"}
2025-03-11T13:16:31.988Z - {"timestamp":"2025-03-11T13:16:31.988Z","method":"POST","url":"/rate-distributor","status":404,"body":{"purchaseId":"67cfcefa3f6e7b5b2f3ff253","rating":4},"query":{},"params":{},"error":"{\"message\":\"Distributor not found.\"}"}
2025-03-11T13:16:56.679Z - {"timestamp":"2025-03-11T13:16:56.679Z","method":"GET","url":"/products","status":401,"body":{},"query":{},"params":{},"error":"{\"error\":\"User not authenticated\"}"}
2025-03-11T13:16:56.721Z - {"timestamp":"2025-03-11T13:16:56.721Z","method":"GET","url":"/products","status":401,"body":{},"query":{},"params":{},"error":"{\"error\":\"User not authenticated\"}"}
2025-03-11T13:17:08.262Z - {"timestamp":"2025-03-11T13:17:08.262Z","method":"POST","url":"/rate-distributor","status":404,"body":{"purchaseId":"67cfcefa3f6e7b5b2f3ff253","rating":3},"query":{},"params":{},"error":"{\"message\":\"Distributor not found.\"}"}
2025-03-11T13:29:06.185Z - {"timestamp":"2025-03-11T13:29:06.185Z","method":"GET","url":"/products","status":401,"body":{},"query":{},"params":{},"error":"{\"error\":\"User not authenticated\"}"}
2025-03-11T13:29:06.225Z - {"timestamp":"2025-03-11T13:29:06.225Z","method":"GET","url":"/products","status":401,"body":{},"query":{},"params":{},"error":"{\"error\":\"User not authenticated\"}"}
2025-03-11T13:29:08.626Z - {"timestamp":"2025-03-11T13:29:08.626Z","method":"GET","url":"/products","status":401,"body":{},"query":{},"params":{},"error":"{\"error\":\"User not authenticated\"}"}
2025-03-11T13:29:08.637Z - {"timestamp":"2025-03-11T13:29:08.637Z","method":"GET","url":"/products","status":401,"body":{},"query":{},"params":{},"error":"{\"error\":\"User not authenticated\"}"}
2025-03-11T13:31:47.987Z - {"timestamp":"2025-03-11T13:31:47.987Z","method":"GET","url":"/products","status":401,"body":{},"query":{},"params":{},"error":"{\"error\":\"User not authenticated\"}"}
2025-03-11T13:31:48.034Z - {"timestamp":"2025-03-11T13:31:48.034Z","method":"GET","url":"/products","status":401,"body":{},"query":{},"params":{},"error":"{\"error\":\"User not authenticated\"}"}
2025-03-11T14:06:26.300Z - {"timestamp":"2025-03-11T14:06:26.300Z","method":"GET","url":"/assigned-purchases","status":401,"body":{},"query":{},"params":{},"error":"{\"message\":\"Not authenticated.\"}"}
2025-03-11T14:06:26.389Z - {"timestamp":"2025-03-11T14:06:26.389Z","method":"GET","url":"/assigned-purchases","status":401,"body":{},"query":{},"params":{},"error":"{\"message\":\"Not authenticated.\"}"}
